2024-04-09 08:52:23,875 [INFO] Activator:176 - 


2024-04-09 08:52:23,885 [INFO] Activator:177 - !SESSION log4j initialized
2024-04-09 08:52:32,682 [INFO] LogOutputStream:77 - [STDOUT_REDIRECT] 
2024-04-09 08:52:35,141 [INFO] ApplicationProperties:184 - Using Application install path: C:\ST\STM32CubeIDE_1.14.1\STM32CubeIDE\plugins\com.st.stm32cube.common.mx_6.10.0.202311202037
2024-04-09 08:52:35,162 [INFO] DbMcusXml:78 - Set database path to: C:\ST\STM32CubeIDE_1.14.1\STM32CubeIDE\plugins\com.st.stm32cube.common.mx_6.10.0.202311202037\\db\/mcu/
2024-04-09 08:52:35,162 [INFO] ApiDb:274 - Set plugin database path to: C:\ST\STM32CubeIDE_1.14.1\STM32CubeIDE\plugins\com.st.stm32cube.common.mx_6.10.0.202311202037\\db\/plugins/boardmanager/
2024-04-09 08:52:35,163 [WARN] ApiDb:259 - Overriding images path with different value:  => C:\ST\STM32CubeIDE_1.14.1\STM32CubeIDE\plugins\com.st.stm32cube.common.mx_6.10.0.202311202037\\db\/plugins/mcufinder/images/
2024-04-09 08:52:35,174 [INFO] ApiDb:250 - Set database path to: C:\Users\NguyenTienLuan\.stmcufinder\plugins\mcufinder//mcu/
2024-04-09 08:52:35,176 [INFO] DbMcusAds:125 - Set database path to: C:\Users\NguyenTienLuan\.stmcufinder\plugins\mcufinder//mcu/
2024-04-09 08:52:35,178 [INFO] CrossReferenceDbSqlite:203 - Set database path to: C:\Users\NguyenTienLuan\.stmcufinder\plugins\mcufinder//mcu/cs/
2024-04-09 08:52:35,353 [INFO] RulesReader:64 - Compatibility file has been processed (297 Rules)
2024-04-09 08:52:35,446 [INFO] DbMcusXml:78 - Set database path to: C:\ST\STM32CubeIDE_1.14.1\STM32CubeIDE\plugins\com.st.stm32cube.common.mx_6.10.0.202311202037\\db\/mcu/
2024-04-09 08:52:35,446 [INFO] ApiDb:274 - Set plugin database path to: C:\ST\STM32CubeIDE_1.14.1\STM32CubeIDE\plugins\com.st.stm32cube.common.mx_6.10.0.202311202037\\db\/plugins/boardmanager/
2024-04-09 08:52:35,446 [INFO] ApiDb:261 - Set plugin images path to: C:\ST\STM32CubeIDE_1.14.1\STM32CubeIDE\plugins\com.st.stm32cube.common.mx_6.10.0.202311202037\\db\/plugins/mcufinder/images/
2024-04-09 08:52:35,447 [WARN] DbFile:41 - Overriding database path with different value: C:\Users\NguyenTienLuan\.stmcufinder\plugins\mcufinder/ => C:\Users\NguyenTienLuan\.stmcufinder\plugins\mcufinder
2024-04-09 08:52:35,447 [INFO] ApiDb:250 - Set database path to: C:\Users\NguyenTienLuan\.stmcufinder\plugins\mcufinder//mcu/
2024-04-09 08:52:35,447 [WARN] DbFile:41 - Overriding database path with different value: C:\Users\NguyenTienLuan\.stmcufinder\plugins\mcufinder/ => C:\Users\NguyenTienLuan\.stmcufinder\plugins\mcufinder
2024-04-09 08:52:35,447 [INFO] DbMcusAds:125 - Set database path to: C:\Users\NguyenTienLuan\.stmcufinder\plugins\mcufinder//mcu/
2024-04-09 08:52:35,447 [WARN] DbFile:41 - Overriding database path with different value: C:\Users\NguyenTienLuan\.stmcufinder\plugins\mcufinder/ => C:\Users\NguyenTienLuan\.stmcufinder\plugins\mcufinder
2024-04-09 08:52:35,447 [WARN] DbFile:41 - Overriding database path with different value: C:\Users\NguyenTienLuan\.stmcufinder\plugins\mcufinder/ => C:\Users\NguyenTienLuan\.stmcufinder\plugins\mcufinder
2024-04-09 08:52:35,447 [INFO] CrossReferenceDbSqlite:203 - Set database path to: C:\Users\NguyenTienLuan\.stmcufinder\plugins\mcufinder//mcu/cs/
2024-04-09 08:52:35,573 [INFO] MainPanel:264 - HeapMemory: 268435456
2024-04-09 08:52:35,710 [INFO] DbMcusXml:78 - Set database path to: C:\ST\STM32CubeIDE_1.14.1\STM32CubeIDE\plugins\com.st.stm32cube.common.mx_6.10.0.202311202037\\db\/mcu/
2024-04-09 08:52:35,710 [INFO] ApiDb:274 - Set plugin database path to: C:\ST\STM32CubeIDE_1.14.1\STM32CubeIDE\plugins\com.st.stm32cube.common.mx_6.10.0.202311202037\\db\/plugins/boardmanager/
2024-04-09 08:52:35,711 [INFO] ApiDb:261 - Set plugin images path to: C:\ST\STM32CubeIDE_1.14.1\STM32CubeIDE\plugins\com.st.stm32cube.common.mx_6.10.0.202311202037\\db\/plugins/mcufinder/images/
2024-04-09 08:52:35,711 [WARN] DbFile:41 - Overriding database path with different value: C:\Users\NguyenTienLuan\.stmcufinder\plugins\mcufinder/ => C:\Users\NguyenTienLuan\.stmcufinder\plugins\mcufinder
2024-04-09 08:52:35,711 [INFO] ApiDb:250 - Set database path to: C:\Users\NguyenTienLuan\.stmcufinder\plugins\mcufinder//mcu/
2024-04-09 08:52:35,711 [WARN] DbFile:41 - Overriding database path with different value: C:\Users\NguyenTienLuan\.stmcufinder\plugins\mcufinder/ => C:\Users\NguyenTienLuan\.stmcufinder\plugins\mcufinder
2024-04-09 08:52:35,712 [INFO] DbMcusAds:125 - Set database path to: C:\Users\NguyenTienLuan\.stmcufinder\plugins\mcufinder//mcu/
2024-04-09 08:52:35,712 [WARN] DbFile:41 - Overriding database path with different value: C:\Users\NguyenTienLuan\.stmcufinder\plugins\mcufinder/ => C:\Users\NguyenTienLuan\.stmcufinder\plugins\mcufinder
2024-04-09 08:52:35,712 [WARN] DbFile:41 - Overriding database path with different value: C:\Users\NguyenTienLuan\.stmcufinder\plugins\mcufinder/ => C:\Users\NguyenTienLuan\.stmcufinder\plugins\mcufinder
2024-04-09 08:52:35,712 [INFO] CrossReferenceDbSqlite:203 - Set database path to: C:\Users\NguyenTienLuan\.stmcufinder\plugins\mcufinder//mcu/cs/
2024-04-09 08:52:35,732 [INFO] ApplicationProperties:184 - Using Application install path: C:\ST\STM32CubeIDE_1.14.1\STM32CubeIDE\plugins\com.st.stm32cube.common.mx_6.10.0.202311202037
2024-04-09 08:52:35,734 [INFO] PluginManage:196 - Search for loadable plugins [exclusion list=, ]
2024-04-09 08:52:35,735 [INFO] PluginManage:310 - Check plugin analytics
2024-04-09 08:52:35,915 [INFO] AnalyticsPlugin:253 - Accepted Software Licenses: 
2024-04-09 08:52:35,915 [INFO] AnalyticsPlugin:255 - Accepted CMSIS Pack Licenses: 
2024-04-09 08:52:35,916 [INFO] AnalyticsPlugin:257 - Accepted Firmware Licenses: 
2024-04-09 08:52:35,918 [INFO] PluginManage:359 - Loaded plugin analytics (category:tool,tabindex:-1)
2024-04-09 08:52:35,918 [INFO] PluginManage:310 - Check plugin cadmodel
2024-04-09 08:52:35,946 [INFO] CADModel:105 - Init CAD model plugin
2024-04-09 08:52:35,946 [INFO] PluginManage:359 - Loaded plugin cadmodel (category:power,tabindex:5)
2024-04-09 08:52:35,947 [INFO] PluginManage:310 - Check plugin clock
2024-04-09 08:52:35,966 [INFO] PluginManage:359 - Loaded plugin clock (category:base,tabindex:2)
2024-04-09 08:52:35,967 [INFO] PluginManage:310 - Check plugin ddr
2024-04-09 08:52:35,968 [INFO] PluginManage:359 - Loaded plugin ddr (category:tool,tabindex:6)
2024-04-09 08:52:35,968 [INFO] PluginManage:310 - Check plugin filemanager
2024-04-09 08:52:36,098 [INFO] PluginManage:359 - Loaded plugin filemanager (category:base,tabindex:10)
2024-04-09 08:52:36,098 [INFO] PluginManage:310 - Check plugin ipmanager
2024-04-09 08:52:36,104 [INFO] PluginManage:359 - Loaded plugin ipmanager (category:base,tabindex:5)
2024-04-09 08:52:36,104 [INFO] PluginManage:310 - Check plugin lpbam
2024-04-09 08:52:36,437 [INFO] PluginManage:359 - Loaded plugin lpbam (category:base,tabindex:0)
2024-04-09 08:52:36,437 [INFO] PluginManage:310 - Check plugin memorymap
2024-04-09 08:52:36,768 [INFO] PluginManage:359 - Loaded plugin memorymap (category:base,tabindex:4)
2024-04-09 08:52:36,768 [INFO] PluginManage:310 - Check plugin pinoutandconfiguration
2024-04-09 08:52:36,794 [INFO] PluginManage:359 - Loaded plugin pinoutandconfiguration (category:base,tabindex:1)
2024-04-09 08:52:36,794 [INFO] PluginManage:310 - Check plugin pinoutconfig
2024-04-09 08:52:36,930 [WARN] SupportedApi:132 - Cannot load RTOS API schema: s4s-elt-must-match.1: The content of 'definitions' must match (annotation?, (simpleType | complexType)?, (unique | key | keyref)*)). A problem was found starting at: attribute.
2024-04-09 08:52:37,105 [INFO] PluginManage:359 - Loaded plugin pinoutconfig (category:base,tabindex:0)
2024-04-09 08:52:37,106 [INFO] PluginManage:310 - Check plugin power
2024-04-09 08:52:37,169 [INFO] PluginManage:359 - Loaded plugin power (category:power,tabindex:4)
2024-04-09 08:52:37,169 [INFO] PluginManage:310 - Check plugin projectmanager
2024-04-09 08:52:37,189 [INFO] PluginManage:359 - Loaded plugin projectmanager (category:projectmanager,tabindex:3)
2024-04-09 08:52:37,190 [INFO] PluginManage:310 - Check plugin thirdparty
2024-04-09 08:52:37,489 [INFO] PluginManage:359 - Loaded plugin thirdparty (category:base,tabindex:-1)
2024-04-09 08:52:37,490 [INFO] PluginManage:310 - Check plugin tools
2024-04-09 08:52:37,491 [WARN] IntegrityCheckThread:84 - waiting for thirdparty lock release [integrity check]
2024-04-09 08:52:37,491 [INFO] IntegrityCheckThread:86 - entering critical section [integrity check]
2024-04-09 08:52:37,492 [INFO] ThirdPartyUpdaterWithRetryManager:70 - Updater plugin not ready yet. [1/15]
2024-04-09 08:52:37,515 [INFO] PluginManage:359 - Loaded plugin tools (category:base,tabindex:7)
2024-04-09 08:52:37,515 [INFO] PluginManage:310 - Check plugin tutovideos
2024-04-09 08:52:37,889 [INFO] PluginManage:359 - Loaded plugin tutovideos (category:base,tabindex:-1)
2024-04-09 08:52:37,889 [INFO] PluginManage:310 - Check plugin updater
2024-04-09 08:52:37,899 [INFO] PluginManage:359 - Loaded plugin updater (category:base,tabindex:12)
2024-04-09 08:52:37,899 [INFO] PluginManage:310 - Check plugin userauth
2024-04-09 08:52:37,904 [INFO] UserAuth:114 - Init User Auth plugin
2024-04-09 08:52:37,904 [INFO] PluginManage:359 - Loaded plugin userauth (category:base,tabindex:14)
2024-04-09 08:52:37,904 [INFO] PluginManage:283 - PluginManage : Loaded plugins [17]
2024-04-09 08:52:38,125 [INFO] PinOutPanel:1499 - setPackage(No Configuration,No Configuration)
2024-04-09 08:52:38,197 [INFO] CADModel:165 - CPN selected for project level
2024-04-09 08:52:38,197 [INFO] CADModel:114 - Register for checkConnection events
2024-04-09 08:52:38,308 [INFO] IPUIPlugin:80 - create IPUIPlugin
2024-04-09 08:52:38,308 [INFO] PluginManager:220 - loadIPPluginJar : add adc
2024-04-09 08:52:38,343 [INFO] IPUIPlugin:80 - create IPUIPlugin
2024-04-09 08:52:38,343 [INFO] PluginManager:220 - loadIPPluginJar : add aes
2024-04-09 08:52:38,383 [INFO] IPUIPlugin:80 - create IPUIPlugin
2024-04-09 08:52:38,383 [INFO] PluginManager:220 - loadIPPluginJar : add can
2024-04-09 08:52:38,409 [INFO] IPUIPlugin:80 - create IPUIPlugin
2024-04-09 08:52:38,409 [INFO] PluginManager:220 - loadIPPluginJar : add comp
2024-04-09 08:52:38,439 [INFO] IPUIPlugin:80 - create IPUIPlugin
2024-04-09 08:52:38,440 [INFO] PluginManager:220 - loadIPPluginJar : add cryp
2024-04-09 08:52:38,463 [INFO] IPUIPlugin:80 - create IPUIPlugin
2024-04-09 08:52:38,464 [INFO] PluginManager:220 - loadIPPluginJar : add dfsdm
2024-04-09 08:52:38,573 [INFO] IPUIPlugin:80 - create IPUIPlugin
2024-04-09 08:52:38,575 [INFO] PluginManager:220 - loadIPPluginJar : add dma
2024-04-09 08:52:38,643 [INFO] IPUIPlugin:80 - create IPUIPlugin
2024-04-09 08:52:38,644 [INFO] PluginManager:220 - loadIPPluginJar : add dma3
2024-04-09 08:52:38,662 [INFO] IPUIPlugin:80 - create IPUIPlugin
2024-04-09 08:52:38,662 [INFO] PluginManager:220 - loadIPPluginJar : add fatfs
2024-04-09 08:52:38,706 [INFO] IPUIPlugin:80 - create IPUIPlugin
2024-04-09 08:52:38,708 [INFO] PluginManager:220 - loadIPPluginJar : add fmc
2024-04-09 08:52:38,725 [INFO] IPUIPlugin:80 - create IPUIPlugin
2024-04-09 08:52:38,726 [INFO] PluginManager:220 - loadIPPluginJar : add freertos
2024-04-09 08:52:38,753 [INFO] IPUIPlugin:80 - create IPUIPlugin
2024-04-09 08:52:38,754 [INFO] PluginManager:220 - loadIPPluginJar : add genericplugin
2024-04-09 08:52:38,836 [INFO] IPUIPlugin:80 - create IPUIPlugin
2024-04-09 08:52:38,836 [INFO] PluginManager:220 - loadIPPluginJar : add gfxmmu
2024-04-09 08:52:38,971 [INFO] IPUIPlugin:80 - create IPUIPlugin
2024-04-09 08:52:38,971 [INFO] PluginManager:220 - loadIPPluginJar : add gic
2024-04-09 08:52:39,244 [INFO] IPUIPlugin:80 - create IPUIPlugin
2024-04-09 08:52:39,244 [INFO] PluginManager:220 - loadIPPluginJar : add gpio
2024-04-09 08:52:39,319 [INFO] IPUIPlugin:80 - create IPUIPlugin
2024-04-09 08:52:39,320 [INFO] PluginManager:220 - loadIPPluginJar : add gtzc
2024-04-09 08:52:39,359 [INFO] IPUIPlugin:80 - create IPUIPlugin
2024-04-09 08:52:39,359 [INFO] PluginManager:220 - loadIPPluginJar : add hash
2024-04-09 08:52:39,412 [INFO] IPUIPlugin:80 - create IPUIPlugin
2024-04-09 08:52:39,412 [INFO] PluginManager:220 - loadIPPluginJar : add i2c
2024-04-09 08:52:39,453 [INFO] IPUIPlugin:80 - create IPUIPlugin
2024-04-09 08:52:39,453 [INFO] PluginManager:220 - loadIPPluginJar : add i2s
2024-04-09 08:52:39,493 [INFO] IPUIPlugin:80 - create IPUIPlugin
2024-04-09 08:52:39,493 [INFO] PluginManager:220 - loadIPPluginJar : add i3c
2024-04-09 08:52:39,574 [INFO] IPUIPlugin:80 - create IPUIPlugin
2024-04-09 08:52:39,574 [INFO] PluginManager:220 - loadIPPluginJar : add ipddr
2024-04-09 08:52:39,671 [INFO] IPUIPlugin:80 - create IPUIPlugin
2024-04-09 08:52:39,671 [INFO] PluginManager:220 - loadIPPluginJar : add linkedlist
2024-04-09 08:52:39,711 [INFO] IPUIPlugin:80 - create IPUIPlugin
2024-04-09 08:52:39,711 [INFO] PluginManager:220 - loadIPPluginJar : add lorawan
2024-04-09 08:52:39,751 [INFO] IPUIPlugin:80 - create IPUIPlugin
2024-04-09 08:52:39,751 [INFO] PluginManager:220 - loadIPPluginJar : add ltdc
2024-04-09 08:52:39,960 [INFO] IPUIPlugin:80 - create IPUIPlugin
2024-04-09 08:52:39,960 [INFO] PluginManager:220 - loadIPPluginJar : add mdma
2024-04-09 08:52:40,200 [INFO] IPUIPlugin:80 - create IPUIPlugin
2024-04-09 08:52:40,200 [INFO] PluginManager:220 - loadIPPluginJar : add nvic
2024-04-09 08:52:40,234 [INFO] IPUIPlugin:80 - create IPUIPlugin
2024-04-09 08:52:40,234 [INFO] PluginManager:220 - loadIPPluginJar : add opamp
2024-04-09 08:52:40,298 [INFO] IPUIPlugin:80 - create IPUIPlugin
2024-04-09 08:52:40,298 [INFO] PluginManager:220 - loadIPPluginJar : add openamp
2024-04-09 08:52:40,344 [INFO] IPUIPlugin:80 - create IPUIPlugin
2024-04-09 08:52:40,344 [INFO] PluginManager:220 - loadIPPluginJar : add pdm2pcm
2024-04-09 08:52:40,493 [INFO] ThirdPartyUpdaterWithRetryManager:70 - Updater plugin not ready yet. [2/15]
2024-04-09 08:52:40,588 [INFO] IPUIPlugin:80 - create IPUIPlugin
2024-04-09 08:52:40,594 [INFO] PluginManager:220 - loadIPPluginJar : add plateformsettings
2024-04-09 08:52:40,621 [INFO] IPUIPlugin:80 - create IPUIPlugin
2024-04-09 08:52:40,621 [INFO] PluginManager:220 - loadIPPluginJar : add quadspi
2024-04-09 08:52:40,637 [INFO] IPUIPlugin:80 - create IPUIPlugin
2024-04-09 08:52:40,637 [INFO] PluginManager:220 - loadIPPluginJar : add resmgrutility
2024-04-09 08:52:40,684 [INFO] IPUIPlugin:80 - create IPUIPlugin
2024-04-09 08:52:40,684 [INFO] PluginManager:220 - loadIPPluginJar : add sai
2024-04-09 08:52:40,719 [INFO] IPUIPlugin:80 - create IPUIPlugin
2024-04-09 08:52:40,720 [INFO] PluginManager:220 - loadIPPluginJar : add spi
2024-04-09 08:52:40,784 [INFO] IPUIPlugin:80 - create IPUIPlugin
2024-04-09 08:52:40,784 [INFO] PluginManager:220 - loadIPPluginJar : add stm32_wpan
2024-04-09 08:52:40,806 [INFO] IPUIPlugin:80 - create IPUIPlugin
2024-04-09 08:52:40,806 [INFO] PluginManager:220 - loadIPPluginJar : add tim
2024-04-09 08:52:40,864 [INFO] IPUIPlugin:80 - create IPUIPlugin
2024-04-09 08:52:40,864 [INFO] PluginManager:220 - loadIPPluginJar : add touchsensing
2024-04-09 08:52:40,896 [INFO] IPUIPlugin:80 - create IPUIPlugin
2024-04-09 08:52:40,896 [INFO] PluginManager:220 - loadIPPluginJar : add tracer_emb
2024-04-09 08:52:40,921 [INFO] IPUIPlugin:80 - create IPUIPlugin
2024-04-09 08:52:40,921 [INFO] PluginManager:220 - loadIPPluginJar : add ts
2024-04-09 08:52:40,950 [INFO] IPUIPlugin:80 - create IPUIPlugin
2024-04-09 08:52:40,951 [INFO] PluginManager:220 - loadIPPluginJar : add tsc
2024-04-09 08:52:40,972 [INFO] IPUIPlugin:80 - create IPUIPlugin
2024-04-09 08:52:40,972 [INFO] PluginManager:220 - loadIPPluginJar : add ucpd
2024-04-09 08:52:41,015 [INFO] IPUIPlugin:80 - create IPUIPlugin
2024-04-09 08:52:41,015 [INFO] PluginManager:220 - loadIPPluginJar : add usart
2024-04-09 08:52:41,054 [INFO] IPUIPlugin:80 - create IPUIPlugin
2024-04-09 08:52:41,054 [INFO] PluginManager:220 - loadIPPluginJar : add usbx
2024-04-09 08:52:41,196 [INFO] CADModel:165 - CPN selected for project level
2024-04-09 08:52:41,197 [INFO] CADModel:114 - Register for checkConnection events
2024-04-09 08:52:41,197 [FATAL] Updater:308 - Updater called before beeing initialized
2024-04-09 08:52:41,197 [ERROR] CADModel:125 - Updater not yet initialized, retry later 
2024-04-09 08:52:41,394 [INFO] CADModel:165 - CPN selected for project level
2024-04-09 08:52:41,394 [INFO] CADModel:114 - Register for checkConnection events
2024-04-09 08:52:41,394 [FATAL] Updater:308 - Updater called before beeing initialized
2024-04-09 08:52:41,395 [ERROR] CADModel:125 - Updater not yet initialized, retry later 
2024-04-09 08:52:41,399 [FATAL] Updater:308 - Updater called before beeing initialized
2024-04-09 08:52:41,578 [FATAL] Updater:308 - Updater called before beeing initialized
2024-04-09 08:52:41,599 [INFO] DbMcusAds:53 - JSON generation date=Wed Nov 29 17:52:27 ICT 2023 (1701255147349)
2024-04-09 08:52:41,599 [FATAL] Updater:308 - Updater called before beeing initialized
2024-04-09 08:52:41,865 [WARN] DetailPanel:346 - Failed to get advertising image, set to default
2024-04-09 08:52:42,046 [FATAL] Updater:308 - Updater called before beeing initialized
2024-04-09 08:52:42,048 [FATAL] Updater:308 - Updater called before beeing initialized
2024-04-09 08:52:42,048 [FATAL] Updater:308 - Updater called before beeing initialized
2024-04-09 08:52:42,048 [WARN] DetailPanel:346 - Failed to get advertising image, set to default
2024-04-09 08:52:42,050 [FATAL] Updater:308 - Updater called before beeing initialized
2024-04-09 08:52:42,183 [ERROR] Updater:1120 - MainUpdater not yet initialized. External WinMGr cannot be set.
2024-04-09 08:52:42,195 [INFO] Updater:1056 - Updater Version found : 6.10.0
2024-04-09 08:52:42,230 [INFO] ApplicationProperties:184 - Using Application install path: C:\ST\STM32CubeIDE_1.14.1\STM32CubeIDE\plugins\com.st.stm32cube.common.mx_6.10.0.202311202037
2024-04-09 08:52:43,496 [INFO] ThirdPartyUpdaterWithRetryManager:70 - Updater plugin not ready yet. [3/15]
2024-04-09 08:52:43,858 [ERROR] LogOutputStream:75 - [STDERR_REDIRECT] Apr 09, 2024 8:52:43 AM java.util.prefs.WindowsPreferences <init>
2024-04-09 08:52:43,860 [ERROR] LogOutputStream:75 - [STDERR_REDIRECT] WARNING: Could not open/create prefs root node Software\JavaSoft\Prefs at root 0xffffffff80000002. Windows RegCreateKeyEx(...) returned error code 5.
2024-04-09 08:52:43,860 [ERROR] LogOutputStream:75 - [STDERR_REDIRECT] 
2024-04-09 08:52:44,176 [INFO] MainUpdater:2873 - connection check result : 10
2024-04-09 08:52:44,177 [INFO] MainUpdater:3567 - Updater definition file requires update
2024-04-09 08:52:44,178 [INFO] MainUpdater:290 - Updater Check For Update Now.
2024-04-09 08:52:44,178 [INFO] MicroXplorer:498 - Change Database Version : DB.6.0.100
2024-04-09 08:52:44,196 [INFO] McuFinderGlobals:63 - Set McuFinder mode to 2 (CubeIDE integrated)
2024-04-09 08:52:44,231 [INFO] ServerAccessManage:473 - Download File updaters.zip
2024-04-09 08:52:44,304 [INFO] FileExtend:240 - Unzip File : updaters.zip
2024-04-09 08:52:44,304 [INFO] FileExtend:255 - Standard Zip Deflate
2024-04-09 08:52:44,613 [INFO] ServerAccessManage:473 - Download File PacksControlFlags.xml
2024-04-09 08:52:44,706 [INFO] ServerAccessManage:473 - Download File cubemx.pidx
2024-04-09 08:52:45,038 [INFO] UserAuth:404 - Internet connection configuration mode: 1
2024-04-09 08:52:45,061 [INFO] JxBrowserEngine:152 - Initiate JxBrowser Engine with user profile folder
2024-04-09 08:52:45,803 [INFO] ServerAccessManage:473 - Download File STMicroelectronics.X-CUBE-TCPP.pdsc
2024-04-09 08:52:45,938 [INFO] ServerAccessManage:473 - Download File STMicroelectronics.X-CUBE-TOUCHGFX.pdsc
2024-04-09 08:52:46,499 [WARN] MainUpdater:1194 - Updater busy. Cannot search thirdparties
2024-04-09 08:52:46,499 [INFO] ThirdPartyUpdaterWithRetryManager:96 - Updater plugin is busy. [1/15]
2024-04-09 08:52:47,248 [WARN] PackLoader:240 - Cannot read IP mode file for STMicroelectronics.X-CUBE-TCPP.4.1.0
2024-04-09 08:52:47,258 [WARN] PackLoader:240 - Cannot read IP mode file for STMicroelectronics.X-CUBE-TOUCHGFX.4.23.2
2024-04-09 08:52:47,259 [INFO] PopulateThirdPartyThread:66 - Ending populate Thread
2024-04-09 08:52:47,260 [INFO] ThirdParty:1030 - CMSIS Pack Vendor :STMicroelectronics X-CUBE-TOUCHGFX 4.23.2
2024-04-09 08:52:47,260 [INFO] ThirdParty:1030 - CMSIS Pack Vendor :STMicroelectronics X-CUBE-TCPP 4.1.0
2024-04-09 08:52:47,260 [INFO] LoadServerUpdatesThread:375 - End of LoadServerUpdate Thread
2024-04-09 08:52:47,383 [INFO] CheckServerUpdateThread:120 - End of CheckServer Thread
2024-04-09 08:52:49,846 [WARN] PackLoader:240 - Cannot read IP mode file for STMicroelectronics.X-CUBE-SMBUS.2.1.0
2024-04-09 08:52:49,858 [WARN] PackLoader:240 - Cannot read IP mode file for STMicroelectronics.X-CUBE-TOUCHGFX.4.23.1
2024-04-09 08:52:49,930 [WARN] PackLoader:240 - Cannot read IP mode file for STMicroelectronics.X-CUBE-TOUCHGFX.4.23.0
2024-04-09 08:52:49,949 [WARN] PackLoader:240 - Cannot read IP mode file for STMicroelectronics.X-CUBE-TOUCHGFX.4.23.2
2024-04-09 08:52:50,063 [WARN] PackLoader:240 - Cannot read IP mode file for STMicroelectronics.X-CUBE-AZRTOS-F7.1.1.0
2024-04-09 08:52:50,083 [WARN] PackLoader:240 - Cannot read IP mode file for STMicroelectronics.FP-SNS-MOTENV1.4.3.2
2024-04-09 08:52:50,098 [WARN] PackLoader:240 - Cannot read IP mode file for STMicroelectronics.FP-SNS-FLIGHT1.5.0.2
2024-04-09 08:52:50,118 [WARN] PackLoader:240 - Cannot read IP mode file for STMicroelectronics.X-CUBE-DISPLAY.3.0.0
2024-04-09 08:52:50,160 [WARN] PackLoader:240 - Cannot read IP mode file for STMicroelectronics.X-CUBE-BLE1.7.0.0
2024-04-09 08:52:50,185 [WARN] PackLoader:240 - Cannot read IP mode file for emotas.I-CUBE-CANOPEN.1.3.0
2024-04-09 08:52:50,204 [WARN] PackLoader:240 - Cannot read IP mode file for STMicroelectronics.FP-SNS-SMARTAG2.1.2.0
2024-04-09 08:52:50,274 [INFO] LogOutputStream:77 - [STDOUT_REDIRECT] 1 : Invalid condition id : UX_CORESTACK_Condition cause : null
2024-04-09 08:52:50,275 [INFO] LogOutputStream:77 - [STDOUT_REDIRECT] 1 : Invalid condition id : UX_CORESTACK_Condition cause : null
2024-04-09 08:52:50,276 [INFO] LogOutputStream:77 - [STDOUT_REDIRECT] 1 : Invalid condition id : UX_CORESTACK_Condition cause : null
2024-04-09 08:52:50,277 [INFO] LogOutputStream:77 - [STDOUT_REDIRECT] 1 : Invalid condition id : UX_CORESTACK_Condition cause : null
2024-04-09 08:52:50,278 [INFO] LogOutputStream:77 - [STDOUT_REDIRECT] 1 : Invalid condition id : UX_CORESTACK_Condition cause : null
2024-04-09 08:52:50,283 [WARN] PackLoader:240 - Cannot read IP mode file for STMicroelectronics.X-CUBE-AZRTOS-WL.2.0.0
2024-04-09 08:52:50,314 [WARN] PackLoader:240 - Cannot read IP mode file for STMicroelectronics.FP-SNS-MOTENV1.5.0.0
2024-04-09 08:52:50,333 [WARN] PackLoader:240 - Cannot read IP mode file for WES.I-CUBE-Cesium.1.3.0
2024-04-09 08:52:50,358 [WARN] PackLoader:240 - Cannot read IP mode file for STMicroelectronics.X-CUBE-BLE2.3.3.0
2024-04-09 08:52:50,365 [WARN] PackLoader:240 - Cannot read IP mode file for STMicroelectronics.X-CUBE-TCPP.4.1.0
2024-04-09 08:52:50,398 [WARN] PackLoader:240 - Cannot read IP mode file for STMicroelectronics.X-CUBE-ALGOBUILD.1.3.0
2024-04-09 08:52:50,491 [WARN] PackLoader:240 - Cannot read IP mode file for STMicroelectronics.X-CUBE-AZRTOS-G0.1.1.0
2024-04-09 08:52:50,532 [WARN] PackLoader:240 - Cannot read IP mode file for STMicroelectronics.X-CUBE-SAFEA1.1.2.2
2024-04-09 08:52:50,618 [WARN] PackLoader:240 - Cannot read IP mode file for STMicroelectronics.X-CUBE-NFC4.3.0.0
2024-04-09 08:52:50,737 [WARN] PackLoader:240 - Cannot read IP mode file for STMicroelectronics.FP-ATR-SIGFOX1.3.2.0
2024-04-09 08:52:50,847 [INFO] WebApp:161 - Instantiating new browser for Auth
2024-04-09 08:52:50,862 [WARN] PackLoader:240 - Cannot read IP mode file for SEGGER.I-CUBE-embOS.1.3.1
2024-04-09 08:52:50,932 [WARN] PackLoader:240 - Cannot read IP mode file for STMicroelectronics.X-CUBE-GNSS1.6.0.0
2024-04-09 08:52:50,983 [WARN] PackLoader:240 - Cannot read IP mode file for STMicroelectronics.X-CUBE-AZRTOS-F4.1.1.0
2024-04-09 08:52:51,065 [WARN] PackLoader:240 - Cannot read IP mode file for wolfSSL.I-CUBE-wolfSSL.5.6.6
2024-04-09 08:52:51,133 [WARN] PackLoader:240 - Cannot read IP mode file for STMicroelectronics.X-CUBE-AZRTOS-L5.2.0.0
2024-04-09 08:52:51,169 [WARN] PackLoader:240 - Cannot read IP mode file for STMicroelectronics.X-CUBE-NFC6.3.1.0
2024-04-09 08:52:51,198 [WARN] PackLoader:240 - Cannot read IP mode file for ITTIA_DB.I-CUBE-ITTIADB.8.8.0
2024-04-09 08:52:51,245 [WARN] PackLoader:240 - Cannot read IP mode file for STMicroelectronics.X-CUBE-NFC7.1.0.1
2024-04-09 08:52:51,296 [WARN] PackLoader:240 - Cannot read IP mode file for STMicroelectronics.X-CUBE-NFC6.3.0.0
2024-04-09 08:52:51,339 [WARN] PackLoader:240 - Cannot read IP mode file for STMicroelectronics.X-CUBE-AI.8.1.0
2024-04-09 08:52:51,416 [WARN] ConditionMgr:438 - getConditionDescription Invalid condition id : LAN8742 Phy interface Condition cause : null
2024-04-09 08:52:51,417 [WARN] PackLoader:240 - Cannot read IP mode file for STMicroelectronics.X-CUBE-AZRTOS-L4.2.0.0
2024-04-09 08:52:51,418 [WARN] ConditionMgr:1039 - genDependencies : Invalid condition id : LAN8742 Phy interface Condition cause : null
2024-04-09 08:52:51,419 [WARN] ConditionMgr:1039 - genDependencies : Invalid condition id : LAN8742 Phy interface Condition cause : null
2024-04-09 08:52:51,419 [WARN] ConditionMgr:1039 - genDependencies : Invalid condition id : LAN8742 Phy interface Condition cause : null
2024-04-09 08:52:51,472 [WARN] PackLoader:240 - Cannot read IP mode file for STMicroelectronics.X-CUBE-SFXS2LP1.4.0.0
2024-04-09 08:52:51,524 [WARN] ConditionMgr:438 - getConditionDescription Invalid condition id : UX DEVICE CLASS RTOS Condition cause : null
2024-04-09 08:52:51,525 [WARN] ConditionMgr:438 - getConditionDescription Invalid condition id : UX DEVICE CLASS RTOS Condition cause : null
2024-04-09 08:52:51,528 [WARN] PackLoader:240 - Cannot read IP mode file for STMicroelectronics.X-CUBE-AZRTOS-WB.2.0.0
2024-04-09 08:52:51,528 [WARN] ConditionMgr:1039 - genDependencies : Invalid condition id : UX DEVICE CLASS RTOS Condition cause : null
2024-04-09 08:52:51,529 [WARN] ConditionMgr:1039 - genDependencies : Invalid condition id : UX DEVICE CLASS RTOS Condition cause : null
2024-04-09 08:52:51,529 [WARN] ConditionMgr:1039 - genDependencies : Invalid condition id : UX DEVICE CLASS RTOS Condition cause : null
2024-04-09 08:52:51,529 [WARN] ConditionMgr:1039 - genDependencies : Invalid condition id : UX DEVICE CLASS RTOS Condition cause : null
2024-04-09 08:52:51,529 [WARN] ConditionMgr:1039 - genDependencies : Invalid condition id : UX DEVICE CLASS RTOS Condition cause : null
2024-04-09 08:52:51,553 [WARN] PackLoader:240 - Cannot read IP mode file for STMicroelectronics.X-CUBE-SUBG2.5.0.0
2024-04-09 08:52:51,607 [WARN] PackLoader:240 - Cannot read IP mode file for STMicroelectronics.X-CUBE-AZRTOS-G4.2.0.0
2024-04-09 08:52:51,643 [WARN] PackLoader:240 - Cannot read IP mode file for Infineon.AIROC-Wi-Fi-Bluetooth-STM32.1.5.1
2024-04-09 08:52:51,704 [WARN] PackLoader:240 - Cannot read IP mode file for STMicroelectronics.X-CUBE-MEMS1.10.0.0
2024-04-09 08:52:51,880 [INFO] WebApp:780 - Register for checkConnection events
2024-04-09 08:52:51,880 [INFO] WebApp:414 - Apply proxy settings
2024-04-09 08:52:51,880 [INFO] WebApp:499 - Chromium requires no authentication
2024-04-09 08:52:51,899 [INFO] WebApp:442 - Direct internet connection detected
2024-04-09 08:52:51,906 [WARN] PackLoader:240 - Cannot read IP mode file for STMicroelectronics.X-CUBE-FREERTOS.1.1.0
2024-04-09 08:52:51,925 [WARN] PackLoader:240 - Cannot read IP mode file for portGmbH.I-Cube-SoM-uGOAL.1.1.0
2024-04-09 08:52:51,937 [WARN] PackLoader:240 - Cannot read IP mode file for STMicroelectronics.X-CUBE-ALS.1.0.1
2024-04-09 08:52:51,947 [WARN] PackLoader:240 - Cannot read IP mode file for STMicroelectronics.FP-ATR-ASTRA1.2.0.0
2024-04-09 08:52:51,972 [WARN] PackLoader:240 - Cannot read IP mode file for STMicroelectronics.X-CUBE-TOF1.3.4.0
2024-04-09 08:52:52,026 [WARN] PackLoader:240 - Cannot read IP mode file for STMicroelectronics.X-CUBE-TOF1.3.4.1
2024-04-09 08:52:52,117 [WARN] PackLoader:240 - Cannot read IP mode file for STMicroelectronics.X-CUBE-AZRTOS-H7.3.2.0
2024-04-09 08:52:52,121 [INFO] ThirdParty:978 - Integrity check success = true
2024-04-09 08:52:52,121 [INFO] IntegrityCheckThread:100 - exiting critical section [integrity check]
2024-04-09 08:52:52,121 [INFO] IntegrityCheckThread:103 - End integrity checks thread
2024-04-09 08:52:52,125 [INFO] WebApp:192 - Starting web application
2024-04-09 08:52:52,125 [INFO] WebApp:544 - Web application path used C:\ST\STM32CubeIDE_1.14.1\STM32CubeIDE\plugins\com.st.stm32cube.common.mx_6.10.0.202311202037\db\plugins\mcufinder\reactClient1\index.html
2024-04-09 08:53:13,351 [ERROR] LogOutputStream:75 - [STDERR_REDIRECT] SLF4J: Failed to load class "org.slf4j.impl.StaticLoggerBinder".
2024-04-09 08:53:13,354 [ERROR] LogOutputStream:75 - [STDERR_REDIRECT] SLF4J: Defaulting to no-operation (NOP) logger implementation
2024-04-09 08:53:13,355 [ERROR] LogOutputStream:75 - [STDERR_REDIRECT] SLF4J: See http://www.slf4j.org/codes.html#StaticLoggerBinder for further details.
2024-04-09 08:58:09,872 [ERROR] LogOutputStream:75 - [STDERR_REDIRECT] 
2024-04-09 11:12:10,686 [INFO] Activator:176 - 


2024-04-09 11:12:10,689 [INFO] Activator:177 - !SESSION log4j initialized
2024-04-09 11:12:15,792 [INFO] LogOutputStream:77 - [STDOUT_REDIRECT] 
2024-04-09 11:12:16,202 [ERROR] ConfigurationRetriever:142 - IOException on connection: sw-center.st.com
2024-04-09 11:12:16,203 [ERROR] ConfigurationRetriever:142 - IOException on connection: sw-center.st.com
2024-04-09 11:12:16,204 [ERROR] ConfigurationRetriever:142 - IOException on connection: sw-center.st.com
2024-04-09 11:12:16,871 [INFO] ApplicationProperties:184 - Using Application install path: C:\ST\STM32CubeIDE_1.14.1\STM32CubeIDE\plugins\com.st.stm32cube.common.mx_6.10.0.202311202037
2024-04-09 11:12:16,902 [INFO] DbMcusXml:78 - Set database path to: C:\ST\STM32CubeIDE_1.14.1\STM32CubeIDE\plugins\com.st.stm32cube.common.mx_6.10.0.202311202037\\db\/mcu/
2024-04-09 11:12:16,902 [INFO] ApiDb:274 - Set plugin database path to: C:\ST\STM32CubeIDE_1.14.1\STM32CubeIDE\plugins\com.st.stm32cube.common.mx_6.10.0.202311202037\\db\/plugins/boardmanager/
2024-04-09 11:12:16,903 [WARN] ApiDb:259 - Overriding images path with different value:  => C:\ST\STM32CubeIDE_1.14.1\STM32CubeIDE\plugins\com.st.stm32cube.common.mx_6.10.0.202311202037\\db\/plugins/mcufinder/images/
2024-04-09 11:12:16,915 [INFO] ApiDb:250 - Set database path to: C:\Users\NguyenTienLuan\.stmcufinder\plugins\mcufinder//mcu/
2024-04-09 11:12:16,916 [INFO] DbMcusAds:125 - Set database path to: C:\Users\NguyenTienLuan\.stmcufinder\plugins\mcufinder//mcu/
2024-04-09 11:12:16,920 [INFO] CrossReferenceDbSqlite:203 - Set database path to: C:\Users\NguyenTienLuan\.stmcufinder\plugins\mcufinder//mcu/cs/
2024-04-09 11:12:17,103 [INFO] RulesReader:64 - Compatibility file has been processed (297 Rules)
2024-04-09 11:12:17,199 [INFO] DbMcusXml:78 - Set database path to: C:\ST\STM32CubeIDE_1.14.1\STM32CubeIDE\plugins\com.st.stm32cube.common.mx_6.10.0.202311202037\\db\/mcu/
2024-04-09 11:12:17,199 [INFO] ApiDb:274 - Set plugin database path to: C:\ST\STM32CubeIDE_1.14.1\STM32CubeIDE\plugins\com.st.stm32cube.common.mx_6.10.0.202311202037\\db\/plugins/boardmanager/
2024-04-09 11:12:17,199 [INFO] ApiDb:261 - Set plugin images path to: C:\ST\STM32CubeIDE_1.14.1\STM32CubeIDE\plugins\com.st.stm32cube.common.mx_6.10.0.202311202037\\db\/plugins/mcufinder/images/
2024-04-09 11:12:17,199 [WARN] DbFile:41 - Overriding database path with different value: C:\Users\NguyenTienLuan\.stmcufinder\plugins\mcufinder/ => C:\Users\NguyenTienLuan\.stmcufinder\plugins\mcufinder
2024-04-09 11:12:17,199 [INFO] ApiDb:250 - Set database path to: C:\Users\NguyenTienLuan\.stmcufinder\plugins\mcufinder//mcu/
2024-04-09 11:12:17,199 [WARN] DbFile:41 - Overriding database path with different value: C:\Users\NguyenTienLuan\.stmcufinder\plugins\mcufinder/ => C:\Users\NguyenTienLuan\.stmcufinder\plugins\mcufinder
2024-04-09 11:12:17,199 [INFO] DbMcusAds:125 - Set database path to: C:\Users\NguyenTienLuan\.stmcufinder\plugins\mcufinder//mcu/
2024-04-09 11:12:17,199 [WARN] DbFile:41 - Overriding database path with different value: C:\Users\NguyenTienLuan\.stmcufinder\plugins\mcufinder/ => C:\Users\NguyenTienLuan\.stmcufinder\plugins\mcufinder
2024-04-09 11:12:17,200 [WARN] DbFile:41 - Overriding database path with different value: C:\Users\NguyenTienLuan\.stmcufinder\plugins\mcufinder/ => C:\Users\NguyenTienLuan\.stmcufinder\plugins\mcufinder
2024-04-09 11:12:17,200 [INFO] CrossReferenceDbSqlite:203 - Set database path to: C:\Users\NguyenTienLuan\.stmcufinder\plugins\mcufinder//mcu/cs/
2024-04-09 11:12:17,291 [INFO] MainPanel:264 - HeapMemory: 268435456
2024-04-09 11:12:17,400 [INFO] DbMcusXml:78 - Set database path to: C:\ST\STM32CubeIDE_1.14.1\STM32CubeIDE\plugins\com.st.stm32cube.common.mx_6.10.0.202311202037\\db\/mcu/
2024-04-09 11:12:17,400 [INFO] ApiDb:274 - Set plugin database path to: C:\ST\STM32CubeIDE_1.14.1\STM32CubeIDE\plugins\com.st.stm32cube.common.mx_6.10.0.202311202037\\db\/plugins/boardmanager/
2024-04-09 11:12:17,400 [INFO] ApiDb:261 - Set plugin images path to: C:\ST\STM32CubeIDE_1.14.1\STM32CubeIDE\plugins\com.st.stm32cube.common.mx_6.10.0.202311202037\\db\/plugins/mcufinder/images/
2024-04-09 11:12:17,400 [WARN] DbFile:41 - Overriding database path with different value: C:\Users\NguyenTienLuan\.stmcufinder\plugins\mcufinder/ => C:\Users\NguyenTienLuan\.stmcufinder\plugins\mcufinder
2024-04-09 11:12:17,400 [INFO] ApiDb:250 - Set database path to: C:\Users\NguyenTienLuan\.stmcufinder\plugins\mcufinder//mcu/
2024-04-09 11:12:17,400 [WARN] DbFile:41 - Overriding database path with different value: C:\Users\NguyenTienLuan\.stmcufinder\plugins\mcufinder/ => C:\Users\NguyenTienLuan\.stmcufinder\plugins\mcufinder
2024-04-09 11:12:17,401 [INFO] DbMcusAds:125 - Set database path to: C:\Users\NguyenTienLuan\.stmcufinder\plugins\mcufinder//mcu/
2024-04-09 11:12:17,401 [WARN] DbFile:41 - Overriding database path with different value: C:\Users\NguyenTienLuan\.stmcufinder\plugins\mcufinder/ => C:\Users\NguyenTienLuan\.stmcufinder\plugins\mcufinder
2024-04-09 11:12:17,401 [WARN] DbFile:41 - Overriding database path with different value: C:\Users\NguyenTienLuan\.stmcufinder\plugins\mcufinder/ => C:\Users\NguyenTienLuan\.stmcufinder\plugins\mcufinder
2024-04-09 11:12:17,401 [INFO] CrossReferenceDbSqlite:203 - Set database path to: C:\Users\NguyenTienLuan\.stmcufinder\plugins\mcufinder//mcu/cs/
2024-04-09 11:12:17,421 [INFO] ApplicationProperties:184 - Using Application install path: C:\ST\STM32CubeIDE_1.14.1\STM32CubeIDE\plugins\com.st.stm32cube.common.mx_6.10.0.202311202037
2024-04-09 11:12:17,423 [INFO] PluginManage:196 - Search for loadable plugins [exclusion list=, ]
2024-04-09 11:12:17,424 [INFO] PluginManage:310 - Check plugin analytics
2024-04-09 11:12:17,661 [INFO] AnalyticsPlugin:253 - Accepted Software Licenses: 
2024-04-09 11:12:17,662 [INFO] AnalyticsPlugin:255 - Accepted CMSIS Pack Licenses: 
2024-04-09 11:12:17,662 [INFO] AnalyticsPlugin:257 - Accepted Firmware Licenses: 
2024-04-09 11:12:17,665 [ERROR] ConfigurationRetriever:142 - IOException on connection: sw-center.st.com
2024-04-09 11:12:17,666 [INFO] PluginManage:359 - Loaded plugin analytics (category:tool,tabindex:-1)
2024-04-09 11:12:17,666 [ERROR] ConfigurationRetriever:142 - IOException on connection: sw-center.st.com
2024-04-09 11:12:17,666 [INFO] PluginManage:310 - Check plugin cadmodel
2024-04-09 11:12:17,667 [ERROR] ConfigurationRetriever:142 - IOException on connection: sw-center.st.com
2024-04-09 11:12:17,694 [INFO] CADModel:105 - Init CAD model plugin
2024-04-09 11:12:17,694 [INFO] PluginManage:359 - Loaded plugin cadmodel (category:power,tabindex:5)
2024-04-09 11:12:17,694 [INFO] PluginManage:310 - Check plugin clock
2024-04-09 11:12:17,712 [INFO] PluginManage:359 - Loaded plugin clock (category:base,tabindex:2)
2024-04-09 11:12:17,713 [INFO] PluginManage:310 - Check plugin ddr
2024-04-09 11:12:17,717 [INFO] PluginManage:359 - Loaded plugin ddr (category:tool,tabindex:6)
2024-04-09 11:12:17,717 [INFO] PluginManage:310 - Check plugin filemanager
2024-04-09 11:12:17,897 [INFO] PluginManage:359 - Loaded plugin filemanager (category:base,tabindex:10)
2024-04-09 11:12:17,898 [INFO] PluginManage:310 - Check plugin ipmanager
2024-04-09 11:12:17,909 [INFO] PluginManage:359 - Loaded plugin ipmanager (category:base,tabindex:5)
2024-04-09 11:12:17,909 [INFO] PluginManage:310 - Check plugin lpbam
2024-04-09 11:12:17,921 [INFO] PluginManage:359 - Loaded plugin lpbam (category:base,tabindex:0)
2024-04-09 11:12:17,921 [INFO] PluginManage:310 - Check plugin memorymap
2024-04-09 11:12:17,940 [INFO] PluginManage:359 - Loaded plugin memorymap (category:base,tabindex:4)
2024-04-09 11:12:17,940 [INFO] PluginManage:310 - Check plugin pinoutandconfiguration
2024-04-09 11:12:17,950 [INFO] PluginManage:359 - Loaded plugin pinoutandconfiguration (category:base,tabindex:1)
2024-04-09 11:12:17,951 [INFO] PluginManage:310 - Check plugin pinoutconfig
2024-04-09 11:12:18,076 [WARN] SupportedApi:132 - Cannot load RTOS API schema: s4s-elt-must-match.1: The content of 'definitions' must match (annotation?, (simpleType | complexType)?, (unique | key | keyref)*)). A problem was found starting at: attribute.
2024-04-09 11:12:18,254 [INFO] PluginManage:359 - Loaded plugin pinoutconfig (category:base,tabindex:0)
2024-04-09 11:12:18,254 [INFO] PluginManage:310 - Check plugin power
2024-04-09 11:12:18,272 [INFO] PluginManage:359 - Loaded plugin power (category:power,tabindex:4)
2024-04-09 11:12:18,272 [INFO] PluginManage:310 - Check plugin projectmanager
2024-04-09 11:12:18,295 [INFO] PluginManage:359 - Loaded plugin projectmanager (category:projectmanager,tabindex:3)
2024-04-09 11:12:18,295 [INFO] PluginManage:310 - Check plugin thirdparty
2024-04-09 11:12:18,464 [INFO] PluginManage:359 - Loaded plugin thirdparty (category:base,tabindex:-1)
2024-04-09 11:12:18,464 [WARN] IntegrityCheckThread:84 - waiting for thirdparty lock release [integrity check]
2024-04-09 11:12:18,464 [INFO] PluginManage:310 - Check plugin tools
2024-04-09 11:12:18,465 [INFO] IntegrityCheckThread:86 - entering critical section [integrity check]
2024-04-09 11:12:18,465 [INFO] ThirdPartyUpdaterWithRetryManager:70 - Updater plugin not ready yet. [1/15]
2024-04-09 11:12:18,468 [INFO] PluginManage:359 - Loaded plugin tools (category:base,tabindex:7)
2024-04-09 11:12:18,468 [INFO] PluginManage:310 - Check plugin tutovideos
2024-04-09 11:12:18,764 [INFO] PluginManage:359 - Loaded plugin tutovideos (category:base,tabindex:-1)
2024-04-09 11:12:18,764 [INFO] PluginManage:310 - Check plugin updater
2024-04-09 11:12:18,780 [INFO] PluginManage:359 - Loaded plugin updater (category:base,tabindex:12)
2024-04-09 11:12:18,781 [INFO] PluginManage:310 - Check plugin userauth
2024-04-09 11:12:18,790 [INFO] UserAuth:114 - Init User Auth plugin
2024-04-09 11:12:18,790 [INFO] PluginManage:359 - Loaded plugin userauth (category:base,tabindex:14)
2024-04-09 11:12:18,791 [INFO] PluginManage:283 - PluginManage : Loaded plugins [17]
2024-04-09 11:12:19,093 [INFO] PinOutPanel:1499 - setPackage(No Configuration,No Configuration)
2024-04-09 11:12:19,196 [INFO] CADModel:165 - CPN selected for project level
2024-04-09 11:12:19,197 [INFO] CADModel:114 - Register for checkConnection events
2024-04-09 11:12:19,224 [INFO] IPUIPlugin:80 - create IPUIPlugin
2024-04-09 11:12:19,224 [INFO] PluginManager:220 - loadIPPluginJar : add adc
2024-04-09 11:12:19,228 [INFO] IPUIPlugin:80 - create IPUIPlugin
2024-04-09 11:12:19,228 [INFO] PluginManager:220 - loadIPPluginJar : add aes
2024-04-09 11:12:19,232 [INFO] IPUIPlugin:80 - create IPUIPlugin
2024-04-09 11:12:19,232 [INFO] PluginManager:220 - loadIPPluginJar : add can
2024-04-09 11:12:19,235 [INFO] IPUIPlugin:80 - create IPUIPlugin
2024-04-09 11:12:19,235 [INFO] PluginManager:220 - loadIPPluginJar : add comp
2024-04-09 11:12:19,238 [INFO] IPUIPlugin:80 - create IPUIPlugin
2024-04-09 11:12:19,238 [INFO] PluginManager:220 - loadIPPluginJar : add cryp
2024-04-09 11:12:19,242 [INFO] IPUIPlugin:80 - create IPUIPlugin
2024-04-09 11:12:19,242 [INFO] PluginManager:220 - loadIPPluginJar : add dfsdm
2024-04-09 11:12:19,251 [INFO] IPUIPlugin:80 - create IPUIPlugin
2024-04-09 11:12:19,252 [INFO] PluginManager:220 - loadIPPluginJar : add dma
2024-04-09 11:12:19,256 [INFO] IPUIPlugin:80 - create IPUIPlugin
2024-04-09 11:12:19,256 [INFO] PluginManager:220 - loadIPPluginJar : add dma3
2024-04-09 11:12:19,258 [INFO] IPUIPlugin:80 - create IPUIPlugin
2024-04-09 11:12:19,259 [INFO] PluginManager:220 - loadIPPluginJar : add fatfs
2024-04-09 11:12:19,265 [INFO] IPUIPlugin:80 - create IPUIPlugin
2024-04-09 11:12:19,265 [INFO] PluginManager:220 - loadIPPluginJar : add fmc
2024-04-09 11:12:19,274 [INFO] IPUIPlugin:80 - create IPUIPlugin
2024-04-09 11:12:19,274 [INFO] PluginManager:220 - loadIPPluginJar : add freertos
2024-04-09 11:12:19,277 [INFO] IPUIPlugin:80 - create IPUIPlugin
2024-04-09 11:12:19,277 [INFO] PluginManager:220 - loadIPPluginJar : add genericplugin
2024-04-09 11:12:19,281 [INFO] IPUIPlugin:80 - create IPUIPlugin
2024-04-09 11:12:19,281 [INFO] PluginManager:220 - loadIPPluginJar : add gfxmmu
2024-04-09 11:12:19,289 [INFO] IPUIPlugin:80 - create IPUIPlugin
2024-04-09 11:12:19,290 [INFO] PluginManager:220 - loadIPPluginJar : add gic
2024-04-09 11:12:19,295 [INFO] IPUIPlugin:80 - create IPUIPlugin
2024-04-09 11:12:19,295 [INFO] PluginManager:220 - loadIPPluginJar : add gpio
2024-04-09 11:12:19,299 [INFO] IPUIPlugin:80 - create IPUIPlugin
2024-04-09 11:12:19,299 [INFO] PluginManager:220 - loadIPPluginJar : add gtzc
2024-04-09 11:12:19,302 [INFO] IPUIPlugin:80 - create IPUIPlugin
2024-04-09 11:12:19,302 [INFO] PluginManager:220 - loadIPPluginJar : add hash
2024-04-09 11:12:19,305 [INFO] IPUIPlugin:80 - create IPUIPlugin
2024-04-09 11:12:19,306 [INFO] PluginManager:220 - loadIPPluginJar : add i2c
2024-04-09 11:12:19,309 [INFO] IPUIPlugin:80 - create IPUIPlugin
2024-04-09 11:12:19,309 [INFO] PluginManager:220 - loadIPPluginJar : add i2s
2024-04-09 11:12:19,312 [INFO] IPUIPlugin:80 - create IPUIPlugin
2024-04-09 11:12:19,312 [INFO] PluginManager:220 - loadIPPluginJar : add i3c
2024-04-09 11:12:19,316 [INFO] IPUIPlugin:80 - create IPUIPlugin
2024-04-09 11:12:19,316 [INFO] PluginManager:220 - loadIPPluginJar : add ipddr
2024-04-09 11:12:19,326 [INFO] IPUIPlugin:80 - create IPUIPlugin
2024-04-09 11:12:19,326 [INFO] PluginManager:220 - loadIPPluginJar : add linkedlist
2024-04-09 11:12:19,329 [INFO] IPUIPlugin:80 - create IPUIPlugin
2024-04-09 11:12:19,330 [INFO] PluginManager:220 - loadIPPluginJar : add lorawan
2024-04-09 11:12:19,332 [INFO] IPUIPlugin:80 - create IPUIPlugin
2024-04-09 11:12:19,332 [INFO] PluginManager:220 - loadIPPluginJar : add ltdc
2024-04-09 11:12:19,340 [INFO] IPUIPlugin:80 - create IPUIPlugin
2024-04-09 11:12:19,340 [INFO] PluginManager:220 - loadIPPluginJar : add mdma
2024-04-09 11:12:19,346 [INFO] IPUIPlugin:80 - create IPUIPlugin
2024-04-09 11:12:19,346 [INFO] PluginManager:220 - loadIPPluginJar : add nvic
2024-04-09 11:12:19,350 [INFO] IPUIPlugin:80 - create IPUIPlugin
2024-04-09 11:12:19,351 [INFO] PluginManager:220 - loadIPPluginJar : add opamp
2024-04-09 11:12:19,356 [INFO] IPUIPlugin:80 - create IPUIPlugin
2024-04-09 11:12:19,356 [INFO] PluginManager:220 - loadIPPluginJar : add openamp
2024-04-09 11:12:19,360 [INFO] IPUIPlugin:80 - create IPUIPlugin
2024-04-09 11:12:19,360 [INFO] PluginManager:220 - loadIPPluginJar : add pdm2pcm
2024-04-09 11:12:19,369 [INFO] IPUIPlugin:80 - create IPUIPlugin
2024-04-09 11:12:19,373 [INFO] PluginManager:220 - loadIPPluginJar : add plateformsettings
2024-04-09 11:12:19,376 [INFO] IPUIPlugin:80 - create IPUIPlugin
2024-04-09 11:12:19,376 [INFO] PluginManager:220 - loadIPPluginJar : add quadspi
2024-04-09 11:12:19,382 [INFO] IPUIPlugin:80 - create IPUIPlugin
2024-04-09 11:12:19,383 [INFO] PluginManager:220 - loadIPPluginJar : add resmgrutility
2024-04-09 11:12:19,387 [INFO] IPUIPlugin:80 - create IPUIPlugin
2024-04-09 11:12:19,387 [INFO] PluginManager:220 - loadIPPluginJar : add sai
2024-04-09 11:12:19,390 [INFO] IPUIPlugin:80 - create IPUIPlugin
2024-04-09 11:12:19,390 [INFO] PluginManager:220 - loadIPPluginJar : add spi
2024-04-09 11:12:19,396 [INFO] IPUIPlugin:80 - create IPUIPlugin
2024-04-09 11:12:19,396 [INFO] PluginManager:220 - loadIPPluginJar : add stm32_wpan
2024-04-09 11:12:19,398 [INFO] IPUIPlugin:80 - create IPUIPlugin
2024-04-09 11:12:19,398 [INFO] PluginManager:220 - loadIPPluginJar : add tim
2024-04-09 11:12:19,401 [INFO] IPUIPlugin:80 - create IPUIPlugin
2024-04-09 11:12:19,402 [INFO] PluginManager:220 - loadIPPluginJar : add touchsensing
2024-04-09 11:12:19,404 [INFO] IPUIPlugin:80 - create IPUIPlugin
2024-04-09 11:12:19,404 [INFO] PluginManager:220 - loadIPPluginJar : add tracer_emb
2024-04-09 11:12:19,405 [INFO] IPUIPlugin:80 - create IPUIPlugin
2024-04-09 11:12:19,406 [INFO] PluginManager:220 - loadIPPluginJar : add ts
2024-04-09 11:12:19,407 [INFO] IPUIPlugin:80 - create IPUIPlugin
2024-04-09 11:12:19,407 [INFO] PluginManager:220 - loadIPPluginJar : add tsc
2024-04-09 11:12:19,409 [INFO] IPUIPlugin:80 - create IPUIPlugin
2024-04-09 11:12:19,409 [INFO] PluginManager:220 - loadIPPluginJar : add ucpd
2024-04-09 11:12:19,412 [INFO] IPUIPlugin:80 - create IPUIPlugin
2024-04-09 11:12:19,412 [INFO] PluginManager:220 - loadIPPluginJar : add usart
2024-04-09 11:12:19,416 [INFO] IPUIPlugin:80 - create IPUIPlugin
2024-04-09 11:12:19,416 [INFO] PluginManager:220 - loadIPPluginJar : add usbx
2024-04-09 11:12:19,579 [INFO] CADModel:165 - CPN selected for project level
2024-04-09 11:12:19,579 [INFO] CADModel:114 - Register for checkConnection events
2024-04-09 11:12:19,584 [FATAL] Updater:308 - Updater called before beeing initialized
2024-04-09 11:12:19,584 [ERROR] CADModel:125 - Updater not yet initialized, retry later 
2024-04-09 11:12:19,734 [INFO] CADModel:165 - CPN selected for project level
2024-04-09 11:12:19,734 [INFO] CADModel:114 - Register for checkConnection events
2024-04-09 11:12:19,734 [FATAL] Updater:308 - Updater called before beeing initialized
2024-04-09 11:12:19,735 [ERROR] CADModel:125 - Updater not yet initialized, retry later 
2024-04-09 11:12:19,738 [FATAL] Updater:308 - Updater called before beeing initialized
2024-04-09 11:12:19,858 [FATAL] Updater:308 - Updater called before beeing initialized
2024-04-09 11:12:19,862 [INFO] DbMcusAds:53 - JSON generation date=Wed Nov 29 17:52:27 ICT 2023 (1701255147349)
2024-04-09 11:12:19,863 [FATAL] Updater:308 - Updater called before beeing initialized
2024-04-09 11:12:19,912 [WARN] DetailPanel:346 - Failed to get advertising image, set to default
2024-04-09 11:12:20,015 [FATAL] Updater:308 - Updater called before beeing initialized
2024-04-09 11:12:20,018 [FATAL] Updater:308 - Updater called before beeing initialized
2024-04-09 11:12:20,018 [FATAL] Updater:308 - Updater called before beeing initialized
2024-04-09 11:12:20,018 [WARN] DetailPanel:346 - Failed to get advertising image, set to default
2024-04-09 11:12:20,019 [FATAL] Updater:308 - Updater called before beeing initialized
2024-04-09 11:12:20,076 [ERROR] Updater:1120 - MainUpdater not yet initialized. External WinMGr cannot be set.
2024-04-09 11:12:20,079 [INFO] Updater:1056 - Updater Version found : 6.10.0
2024-04-09 11:12:20,101 [INFO] ApplicationProperties:184 - Using Application install path: C:\ST\STM32CubeIDE_1.14.1\STM32CubeIDE\plugins\com.st.stm32cube.common.mx_6.10.0.202311202037
2024-04-09 11:12:21,466 [INFO] ThirdPartyUpdaterWithRetryManager:70 - Updater plugin not ready yet. [2/15]
2024-04-09 11:12:21,686 [ERROR] LogOutputStream:75 - [STDERR_REDIRECT] Apr 09, 2024 11:12:21 AM java.util.prefs.WindowsPreferences <init>
2024-04-09 11:12:21,688 [ERROR] LogOutputStream:75 - [STDERR_REDIRECT] WARNING: Could not open/create prefs root node Software\JavaSoft\Prefs at root 0xffffffff80000002. Windows RegCreateKeyEx(...) returned error code 5.
2024-04-09 11:12:21,688 [ERROR] LogOutputStream:75 - [STDERR_REDIRECT] 
2024-04-09 11:12:21,914 [INFO] MainUpdater:2873 - connection check result : 22
2024-04-09 11:12:21,915 [INFO] MainUpdater:290 - Updater Check For Update Now.
2024-04-09 11:12:21,915 [INFO] MicroXplorer:498 - Change Database Version : DB.6.0.100
2024-04-09 11:12:21,921 [INFO] McuFinderGlobals:63 - Set McuFinder mode to 2 (CubeIDE integrated)
2024-04-09 11:12:22,000 [INFO] UserAuth:404 - Internet connection configuration mode: 2
2024-04-09 11:12:22,106 [INFO] CheckServerUpdateThread:120 - End of CheckServer Thread
2024-04-09 11:12:24,661 [WARN] PackLoader:240 - Cannot read IP mode file for STMicroelectronics.X-CUBE-SMBUS.2.1.0
2024-04-09 11:12:24,685 [WARN] PackLoader:240 - Cannot read IP mode file for STMicroelectronics.X-CUBE-TOUCHGFX.4.23.1
2024-04-09 11:12:24,689 [WARN] PackLoader:240 - Cannot read IP mode file for STMicroelectronics.X-CUBE-TOUCHGFX.4.23.0
2024-04-09 11:12:24,692 [WARN] PackLoader:240 - Cannot read IP mode file for STMicroelectronics.X-CUBE-TOUCHGFX.4.23.2
2024-04-09 11:12:24,730 [WARN] PackLoader:240 - Cannot read IP mode file for STMicroelectronics.X-CUBE-AZRTOS-F7.1.1.0
2024-04-09 11:12:24,741 [WARN] PackLoader:240 - Cannot read IP mode file for STMicroelectronics.FP-SNS-MOTENV1.4.3.2
2024-04-09 11:12:24,749 [WARN] PackLoader:240 - Cannot read IP mode file for STMicroelectronics.FP-SNS-FLIGHT1.5.0.2
2024-04-09 11:12:24,761 [WARN] PackLoader:240 - Cannot read IP mode file for STMicroelectronics.X-CUBE-DISPLAY.3.0.0
2024-04-09 11:12:24,777 [WARN] PackLoader:240 - Cannot read IP mode file for STMicroelectronics.X-CUBE-BLE1.7.0.0
2024-04-09 11:12:24,784 [WARN] PackLoader:240 - Cannot read IP mode file for emotas.I-CUBE-CANOPEN.1.3.0
2024-04-09 11:12:24,789 [WARN] PackLoader:240 - Cannot read IP mode file for STMicroelectronics.FP-SNS-SMARTAG2.1.2.0
2024-04-09 11:12:24,805 [INFO] LogOutputStream:77 - [STDOUT_REDIRECT] 1 : Invalid condition id : UX_CORESTACK_Condition cause : null
2024-04-09 11:12:24,805 [INFO] LogOutputStream:77 - [STDOUT_REDIRECT] 1 : Invalid condition id : UX_CORESTACK_Condition cause : null
2024-04-09 11:12:24,807 [INFO] LogOutputStream:77 - [STDOUT_REDIRECT] 1 : Invalid condition id : UX_CORESTACK_Condition cause : null
2024-04-09 11:12:24,808 [INFO] LogOutputStream:77 - [STDOUT_REDIRECT] 1 : Invalid condition id : UX_CORESTACK_Condition cause : null
2024-04-09 11:12:24,809 [INFO] LogOutputStream:77 - [STDOUT_REDIRECT] 1 : Invalid condition id : UX_CORESTACK_Condition cause : null
2024-04-09 11:12:24,813 [WARN] PackLoader:240 - Cannot read IP mode file for STMicroelectronics.X-CUBE-AZRTOS-WL.2.0.0
2024-04-09 11:12:24,819 [WARN] PackLoader:240 - Cannot read IP mode file for STMicroelectronics.FP-SNS-MOTENV1.5.0.0
2024-04-09 11:12:24,831 [WARN] PackLoader:240 - Cannot read IP mode file for WES.I-CUBE-Cesium.1.3.0
2024-04-09 11:12:24,837 [WARN] PackLoader:240 - Cannot read IP mode file for STMicroelectronics.X-CUBE-BLE2.3.3.0
2024-04-09 11:12:24,845 [WARN] PackLoader:240 - Cannot read IP mode file for STMicroelectronics.X-CUBE-TCPP.4.1.0
2024-04-09 11:12:24,854 [WARN] PackLoader:240 - Cannot read IP mode file for STMicroelectronics.X-CUBE-ALGOBUILD.1.3.0
2024-04-09 11:12:24,873 [WARN] PackLoader:240 - Cannot read IP mode file for STMicroelectronics.X-CUBE-AZRTOS-G0.1.1.0
2024-04-09 11:12:24,881 [WARN] PackLoader:240 - Cannot read IP mode file for STMicroelectronics.X-CUBE-SAFEA1.1.2.2
2024-04-09 11:12:24,897 [WARN] PackLoader:240 - Cannot read IP mode file for STMicroelectronics.X-CUBE-NFC4.3.0.0
2024-04-09 11:12:24,904 [WARN] PackLoader:240 - Cannot read IP mode file for STMicroelectronics.FP-ATR-SIGFOX1.3.2.0
2024-04-09 11:12:24,939 [WARN] PackLoader:240 - Cannot read IP mode file for SEGGER.I-CUBE-embOS.1.3.1
2024-04-09 11:12:25,005 [WARN] PackLoader:240 - Cannot read IP mode file for STMicroelectronics.X-CUBE-GNSS1.6.0.0
2024-04-09 11:12:25,027 [WARN] PackLoader:240 - Cannot read IP mode file for STMicroelectronics.X-CUBE-AZRTOS-F4.1.1.0
2024-04-09 11:12:25,046 [WARN] PackLoader:240 - Cannot read IP mode file for wolfSSL.I-CUBE-wolfSSL.5.6.6
2024-04-09 11:12:25,070 [WARN] PackLoader:240 - Cannot read IP mode file for STMicroelectronics.X-CUBE-AZRTOS-L5.2.0.0
2024-04-09 11:12:25,081 [WARN] PackLoader:240 - Cannot read IP mode file for STMicroelectronics.X-CUBE-NFC6.3.1.0
2024-04-09 11:12:25,088 [WARN] PackLoader:240 - Cannot read IP mode file for ITTIA_DB.I-CUBE-ITTIADB.8.8.0
2024-04-09 11:12:25,094 [WARN] PackLoader:240 - Cannot read IP mode file for STMicroelectronics.X-CUBE-NFC7.1.0.1
2024-04-09 11:12:25,100 [WARN] PackLoader:240 - Cannot read IP mode file for STMicroelectronics.X-CUBE-NFC6.3.0.0
2024-04-09 11:12:25,105 [WARN] PackLoader:240 - Cannot read IP mode file for STMicroelectronics.X-CUBE-AI.8.1.0
2024-04-09 11:12:25,121 [WARN] ConditionMgr:438 - getConditionDescription Invalid condition id : LAN8742 Phy interface Condition cause : null
2024-04-09 11:12:25,121 [WARN] PackLoader:240 - Cannot read IP mode file for STMicroelectronics.X-CUBE-AZRTOS-L4.2.0.0
2024-04-09 11:12:25,122 [WARN] ConditionMgr:1039 - genDependencies : Invalid condition id : LAN8742 Phy interface Condition cause : null
2024-04-09 11:12:25,123 [WARN] ConditionMgr:1039 - genDependencies : Invalid condition id : LAN8742 Phy interface Condition cause : null
2024-04-09 11:12:25,123 [WARN] ConditionMgr:1039 - genDependencies : Invalid condition id : LAN8742 Phy interface Condition cause : null
2024-04-09 11:12:25,129 [WARN] PackLoader:240 - Cannot read IP mode file for STMicroelectronics.X-CUBE-SFXS2LP1.4.0.0
2024-04-09 11:12:25,138 [WARN] ConditionMgr:438 - getConditionDescription Invalid condition id : UX DEVICE CLASS RTOS Condition cause : null
2024-04-09 11:12:25,139 [WARN] ConditionMgr:438 - getConditionDescription Invalid condition id : UX DEVICE CLASS RTOS Condition cause : null
2024-04-09 11:12:25,141 [WARN] PackLoader:240 - Cannot read IP mode file for STMicroelectronics.X-CUBE-AZRTOS-WB.2.0.0
2024-04-09 11:12:25,142 [WARN] ConditionMgr:1039 - genDependencies : Invalid condition id : UX DEVICE CLASS RTOS Condition cause : null
2024-04-09 11:12:25,142 [WARN] ConditionMgr:1039 - genDependencies : Invalid condition id : UX DEVICE CLASS RTOS Condition cause : null
2024-04-09 11:12:25,148 [WARN] ConditionMgr:1039 - genDependencies : Invalid condition id : UX DEVICE CLASS RTOS Condition cause : null
2024-04-09 11:12:25,148 [WARN] ConditionMgr:1039 - genDependencies : Invalid condition id : UX DEVICE CLASS RTOS Condition cause : null
2024-04-09 11:12:25,148 [WARN] ConditionMgr:1039 - genDependencies : Invalid condition id : UX DEVICE CLASS RTOS Condition cause : null
2024-04-09 11:12:25,158 [WARN] PackLoader:240 - Cannot read IP mode file for STMicroelectronics.X-CUBE-SUBG2.5.0.0
2024-04-09 11:12:25,179 [WARN] PackLoader:240 - Cannot read IP mode file for STMicroelectronics.X-CUBE-AZRTOS-G4.2.0.0
2024-04-09 11:12:25,193 [WARN] PackLoader:240 - Cannot read IP mode file for Infineon.AIROC-Wi-Fi-Bluetooth-STM32.1.5.1
2024-04-09 11:12:25,228 [WARN] PackLoader:240 - Cannot read IP mode file for STMicroelectronics.X-CUBE-MEMS1.10.0.0
2024-04-09 11:12:25,346 [WARN] PackLoader:240 - Cannot read IP mode file for STMicroelectronics.X-CUBE-FREERTOS.1.1.0
2024-04-09 11:12:25,351 [WARN] PackLoader:240 - Cannot read IP mode file for portGmbH.I-Cube-SoM-uGOAL.1.1.0
2024-04-09 11:12:25,355 [WARN] PackLoader:240 - Cannot read IP mode file for STMicroelectronics.X-CUBE-ALS.1.0.1
2024-04-09 11:12:25,360 [WARN] PackLoader:240 - Cannot read IP mode file for STMicroelectronics.FP-ATR-ASTRA1.2.0.0
2024-04-09 11:12:25,372 [WARN] PackLoader:240 - Cannot read IP mode file for STMicroelectronics.X-CUBE-TOF1.3.4.0
2024-04-09 11:12:25,402 [WARN] PackLoader:240 - Cannot read IP mode file for STMicroelectronics.X-CUBE-TOF1.3.4.1
2024-04-09 11:12:25,435 [WARN] PackLoader:240 - Cannot read IP mode file for STMicroelectronics.X-CUBE-AZRTOS-H7.3.2.0
2024-04-09 11:12:25,439 [INFO] ThirdParty:978 - Integrity check success = true
2024-04-09 11:12:25,439 [INFO] IntegrityCheckThread:100 - exiting critical section [integrity check]
2024-04-09 11:12:25,439 [INFO] IntegrityCheckThread:103 - End integrity checks thread
2024-04-09 11:12:42,631 [ERROR] LogOutputStream:75 - [STDERR_REDIRECT] SLF4J: Failed to load class "org.slf4j.impl.StaticLoggerBinder".
2024-04-09 11:12:42,633 [ERROR] LogOutputStream:75 - [STDERR_REDIRECT] SLF4J: Defaulting to no-operation (NOP) logger implementation
2024-04-09 11:12:42,635 [ERROR] LogOutputStream:75 - [STDERR_REDIRECT] SLF4J: See http://www.slf4j.org/codes.html#StaticLoggerBinder for further details.
2024-04-09 11:13:09,432 [ERROR] ConfigurationRetriever:142 - IOException on connection: sw-center.st.com
2024-04-09 11:13:09,432 [ERROR] ConfigurationRetriever:142 - IOException on connection: sw-center.st.com
2024-04-09 11:13:09,433 [ERROR] ConfigurationRetriever:142 - IOException on connection: sw-center.st.com
2024-04-09 11:15:01,348 [ERROR] ConfigurationRetriever:142 - IOException on connection: sw-center.st.com
2024-04-09 11:15:01,349 [ERROR] ConfigurationRetriever:142 - IOException on connection: sw-center.st.com
2024-04-09 11:15:01,350 [ERROR] ConfigurationRetriever:142 - IOException on connection: sw-center.st.com
2024-04-09 11:17:28,421 [ERROR] ConfigurationRetriever:142 - IOException on connection: sw-center.st.com
2024-04-09 11:17:28,422 [ERROR] ConfigurationRetriever:142 - IOException on connection: sw-center.st.com
2024-04-09 11:17:28,422 [ERROR] ConfigurationRetriever:142 - IOException on connection: sw-center.st.com
2024-04-09 11:19:52,994 [ERROR] ConfigurationRetriever:142 - IOException on connection: sw-center.st.com
2024-04-09 11:19:52,995 [ERROR] ConfigurationRetriever:142 - IOException on connection: sw-center.st.com
2024-04-09 11:19:52,995 [ERROR] ConfigurationRetriever:142 - IOException on connection: sw-center.st.com
