2024-05-10 20:42:05,276 [INFO] Activator:176 - 


2024-05-10 20:42:05,281 [INFO] Activator:177 - !SESSION log4j initialized
2024-05-10 20:42:10,817 [INFO] LogOutputStream:77 - [STDOUT_REDIRECT] 
2024-05-10 20:42:12,043 [INFO] ApplicationProperties:184 - Using Application install path: C:\ST\STM32CubeIDE_1.14.1\STM32CubeIDE\plugins\com.st.stm32cube.common.mx_6.10.0.202311202037
2024-05-10 20:42:12,053 [INFO] DbMcusXml:78 - Set database path to: C:\ST\STM32CubeIDE_1.14.1\STM32CubeIDE\plugins\com.st.stm32cube.common.mx_6.10.0.202311202037\\db\/mcu/
2024-05-10 20:42:12,053 [INFO] ApiDb:274 - Set plugin database path to: C:\ST\STM32CubeIDE_1.14.1\STM32CubeIDE\plugins\com.st.stm32cube.common.mx_6.10.0.202311202037\\db\/plugins/boardmanager/
2024-05-10 20:42:12,054 [WARN] ApiDb:259 - Overriding images path with different value:  => C:\ST\STM32CubeIDE_1.14.1\STM32CubeIDE\plugins\com.st.stm32cube.common.mx_6.10.0.202311202037\\db\/plugins/mcufinder/images/
2024-05-10 20:42:12,060 [INFO] ApiDb:250 - Set database path to: C:\Users\NguyenTienLuan\.stmcufinder\plugins\mcufinder//mcu/
2024-05-10 20:42:12,061 [INFO] DbMcusAds:125 - Set database path to: C:\Users\NguyenTienLuan\.stmcufinder\plugins\mcufinder//mcu/
2024-05-10 20:42:12,063 [INFO] CrossReferenceDbSqlite:203 - Set database path to: C:\Users\NguyenTienLuan\.stmcufinder\plugins\mcufinder//mcu/cs/
2024-05-10 20:42:12,161 [INFO] RulesReader:64 - Compatibility file has been processed (297 Rules)
2024-05-10 20:42:12,224 [INFO] DbMcusXml:78 - Set database path to: C:\ST\STM32CubeIDE_1.14.1\STM32CubeIDE\plugins\com.st.stm32cube.common.mx_6.10.0.202311202037\\db\/mcu/
2024-05-10 20:42:12,224 [INFO] ApiDb:274 - Set plugin database path to: C:\ST\STM32CubeIDE_1.14.1\STM32CubeIDE\plugins\com.st.stm32cube.common.mx_6.10.0.202311202037\\db\/plugins/boardmanager/
2024-05-10 20:42:12,224 [INFO] ApiDb:261 - Set plugin images path to: C:\ST\STM32CubeIDE_1.14.1\STM32CubeIDE\plugins\com.st.stm32cube.common.mx_6.10.0.202311202037\\db\/plugins/mcufinder/images/
2024-05-10 20:42:12,224 [WARN] DbFile:41 - Overriding database path with different value: C:\Users\NguyenTienLuan\.stmcufinder\plugins\mcufinder/ => C:\Users\NguyenTienLuan\.stmcufinder\plugins\mcufinder
2024-05-10 20:42:12,224 [INFO] ApiDb:250 - Set database path to: C:\Users\NguyenTienLuan\.stmcufinder\plugins\mcufinder//mcu/
2024-05-10 20:42:12,224 [WARN] DbFile:41 - Overriding database path with different value: C:\Users\NguyenTienLuan\.stmcufinder\plugins\mcufinder/ => C:\Users\NguyenTienLuan\.stmcufinder\plugins\mcufinder
2024-05-10 20:42:12,224 [INFO] DbMcusAds:125 - Set database path to: C:\Users\NguyenTienLuan\.stmcufinder\plugins\mcufinder//mcu/
2024-05-10 20:42:12,225 [WARN] DbFile:41 - Overriding database path with different value: C:\Users\NguyenTienLuan\.stmcufinder\plugins\mcufinder/ => C:\Users\NguyenTienLuan\.stmcufinder\plugins\mcufinder
2024-05-10 20:42:12,225 [WARN] DbFile:41 - Overriding database path with different value: C:\Users\NguyenTienLuan\.stmcufinder\plugins\mcufinder/ => C:\Users\NguyenTienLuan\.stmcufinder\plugins\mcufinder
2024-05-10 20:42:12,225 [INFO] CrossReferenceDbSqlite:203 - Set database path to: C:\Users\NguyenTienLuan\.stmcufinder\plugins\mcufinder//mcu/cs/
2024-05-10 20:42:12,287 [INFO] MainPanel:264 - HeapMemory: 268435456
2024-05-10 20:42:12,370 [INFO] DbMcusXml:78 - Set database path to: C:\ST\STM32CubeIDE_1.14.1\STM32CubeIDE\plugins\com.st.stm32cube.common.mx_6.10.0.202311202037\\db\/mcu/
2024-05-10 20:42:12,370 [INFO] ApiDb:274 - Set plugin database path to: C:\ST\STM32CubeIDE_1.14.1\STM32CubeIDE\plugins\com.st.stm32cube.common.mx_6.10.0.202311202037\\db\/plugins/boardmanager/
2024-05-10 20:42:12,370 [INFO] ApiDb:261 - Set plugin images path to: C:\ST\STM32CubeIDE_1.14.1\STM32CubeIDE\plugins\com.st.stm32cube.common.mx_6.10.0.202311202037\\db\/plugins/mcufinder/images/
2024-05-10 20:42:12,370 [WARN] DbFile:41 - Overriding database path with different value: C:\Users\NguyenTienLuan\.stmcufinder\plugins\mcufinder/ => C:\Users\NguyenTienLuan\.stmcufinder\plugins\mcufinder
2024-05-10 20:42:12,370 [INFO] ApiDb:250 - Set database path to: C:\Users\NguyenTienLuan\.stmcufinder\plugins\mcufinder//mcu/
2024-05-10 20:42:12,370 [WARN] DbFile:41 - Overriding database path with different value: C:\Users\NguyenTienLuan\.stmcufinder\plugins\mcufinder/ => C:\Users\NguyenTienLuan\.stmcufinder\plugins\mcufinder
2024-05-10 20:42:12,370 [INFO] DbMcusAds:125 - Set database path to: C:\Users\NguyenTienLuan\.stmcufinder\plugins\mcufinder//mcu/
2024-05-10 20:42:12,370 [WARN] DbFile:41 - Overriding database path with different value: C:\Users\NguyenTienLuan\.stmcufinder\plugins\mcufinder/ => C:\Users\NguyenTienLuan\.stmcufinder\plugins\mcufinder
2024-05-10 20:42:12,370 [WARN] DbFile:41 - Overriding database path with different value: C:\Users\NguyenTienLuan\.stmcufinder\plugins\mcufinder/ => C:\Users\NguyenTienLuan\.stmcufinder\plugins\mcufinder
2024-05-10 20:42:12,371 [INFO] CrossReferenceDbSqlite:203 - Set database path to: C:\Users\NguyenTienLuan\.stmcufinder\plugins\mcufinder//mcu/cs/
2024-05-10 20:42:12,385 [INFO] ApplicationProperties:184 - Using Application install path: C:\ST\STM32CubeIDE_1.14.1\STM32CubeIDE\plugins\com.st.stm32cube.common.mx_6.10.0.202311202037
2024-05-10 20:42:12,386 [INFO] PluginManage:196 - Search for loadable plugins [exclusion list=, ]
2024-05-10 20:42:12,387 [INFO] PluginManage:310 - Check plugin analytics
2024-05-10 20:42:12,501 [INFO] AnalyticsPlugin:253 - Accepted Software Licenses: 
2024-05-10 20:42:12,501 [INFO] AnalyticsPlugin:255 - Accepted CMSIS Pack Licenses: 
2024-05-10 20:42:12,501 [INFO] AnalyticsPlugin:257 - Accepted Firmware Licenses: 
2024-05-10 20:42:12,504 [INFO] PluginManage:359 - Loaded plugin analytics (category:tool,tabindex:-1)
2024-05-10 20:42:12,504 [INFO] PluginManage:310 - Check plugin cadmodel
2024-05-10 20:42:12,518 [INFO] CADModel:105 - Init CAD model plugin
2024-05-10 20:42:12,518 [INFO] PluginManage:359 - Loaded plugin cadmodel (category:power,tabindex:5)
2024-05-10 20:42:12,519 [INFO] PluginManage:310 - Check plugin clock
2024-05-10 20:42:12,532 [INFO] PluginManage:359 - Loaded plugin clock (category:base,tabindex:2)
2024-05-10 20:42:12,532 [INFO] PluginManage:310 - Check plugin ddr
2024-05-10 20:42:12,534 [INFO] PluginManage:359 - Loaded plugin ddr (category:tool,tabindex:6)
2024-05-10 20:42:12,535 [INFO] PluginManage:310 - Check plugin filemanager
2024-05-10 20:42:12,649 [INFO] PluginManage:359 - Loaded plugin filemanager (category:base,tabindex:10)
2024-05-10 20:42:12,649 [INFO] PluginManage:310 - Check plugin ipmanager
2024-05-10 20:42:12,655 [INFO] PluginManage:359 - Loaded plugin ipmanager (category:base,tabindex:5)
2024-05-10 20:42:12,655 [INFO] PluginManage:310 - Check plugin lpbam
2024-05-10 20:42:12,798 [INFO] PluginManage:359 - Loaded plugin lpbam (category:base,tabindex:0)
2024-05-10 20:42:12,798 [INFO] PluginManage:310 - Check plugin memorymap
2024-05-10 20:42:12,953 [INFO] PluginManage:359 - Loaded plugin memorymap (category:base,tabindex:4)
2024-05-10 20:42:12,953 [INFO] PluginManage:310 - Check plugin pinoutandconfiguration
2024-05-10 20:42:12,968 [INFO] PluginManage:359 - Loaded plugin pinoutandconfiguration (category:base,tabindex:1)
2024-05-10 20:42:12,968 [INFO] PluginManage:310 - Check plugin pinoutconfig
2024-05-10 20:42:13,039 [WARN] SupportedApi:132 - Cannot load RTOS API schema: s4s-elt-must-match.1: The content of 'definitions' must match (annotation?, (simpleType | complexType)?, (unique | key | keyref)*)). A problem was found starting at: attribute.
2024-05-10 20:42:13,138 [INFO] PluginManage:359 - Loaded plugin pinoutconfig (category:base,tabindex:0)
2024-05-10 20:42:13,138 [INFO] PluginManage:310 - Check plugin power
2024-05-10 20:42:13,178 [INFO] PluginManage:359 - Loaded plugin power (category:power,tabindex:4)
2024-05-10 20:42:13,179 [INFO] PluginManage:310 - Check plugin projectmanager
2024-05-10 20:42:13,193 [INFO] PluginManage:359 - Loaded plugin projectmanager (category:projectmanager,tabindex:3)
2024-05-10 20:42:13,193 [INFO] PluginManage:310 - Check plugin thirdparty
2024-05-10 20:42:13,399 [INFO] PluginManage:359 - Loaded plugin thirdparty (category:base,tabindex:-1)
2024-05-10 20:42:13,399 [WARN] IntegrityCheckThread:84 - waiting for thirdparty lock release [integrity check]
2024-05-10 20:42:13,400 [INFO] PluginManage:310 - Check plugin tools
2024-05-10 20:42:13,400 [INFO] IntegrityCheckThread:86 - entering critical section [integrity check]
2024-05-10 20:42:13,400 [INFO] ThirdPartyUpdaterWithRetryManager:70 - Updater plugin not ready yet. [1/15]
2024-05-10 20:42:13,419 [INFO] PluginManage:359 - Loaded plugin tools (category:base,tabindex:7)
2024-05-10 20:42:13,419 [INFO] PluginManage:310 - Check plugin tutovideos
2024-05-10 20:42:13,611 [INFO] PluginManage:359 - Loaded plugin tutovideos (category:base,tabindex:-1)
2024-05-10 20:42:13,611 [INFO] PluginManage:310 - Check plugin updater
2024-05-10 20:42:13,620 [INFO] PluginManage:359 - Loaded plugin updater (category:base,tabindex:12)
2024-05-10 20:42:13,620 [INFO] PluginManage:310 - Check plugin userauth
2024-05-10 20:42:13,624 [INFO] UserAuth:114 - Init User Auth plugin
2024-05-10 20:42:13,624 [INFO] PluginManage:359 - Loaded plugin userauth (category:base,tabindex:14)
2024-05-10 20:42:13,626 [INFO] PluginManage:283 - PluginManage : Loaded plugins [17]
2024-05-10 20:42:13,810 [INFO] PinOutPanel:1499 - setPackage(No Configuration,No Configuration)
2024-05-10 20:42:13,869 [INFO] CADModel:165 - CPN selected for project level
2024-05-10 20:42:13,869 [INFO] CADModel:114 - Register for checkConnection events
2024-05-10 20:42:13,935 [INFO] IPUIPlugin:80 - create IPUIPlugin
2024-05-10 20:42:13,935 [INFO] PluginManager:220 - loadIPPluginJar : add adc
2024-05-10 20:42:13,956 [INFO] IPUIPlugin:80 - create IPUIPlugin
2024-05-10 20:42:13,957 [INFO] PluginManager:220 - loadIPPluginJar : add aes
2024-05-10 20:42:13,987 [INFO] IPUIPlugin:80 - create IPUIPlugin
2024-05-10 20:42:13,988 [INFO] PluginManager:220 - loadIPPluginJar : add can
2024-05-10 20:42:14,006 [INFO] IPUIPlugin:80 - create IPUIPlugin
2024-05-10 20:42:14,006 [INFO] PluginManager:220 - loadIPPluginJar : add comp
2024-05-10 20:42:14,032 [INFO] IPUIPlugin:80 - create IPUIPlugin
2024-05-10 20:42:14,032 [INFO] PluginManager:220 - loadIPPluginJar : add cryp
2024-05-10 20:42:14,059 [INFO] IPUIPlugin:80 - create IPUIPlugin
2024-05-10 20:42:14,060 [INFO] PluginManager:220 - loadIPPluginJar : add dfsdm
2024-05-10 20:42:14,127 [INFO] IPUIPlugin:80 - create IPUIPlugin
2024-05-10 20:42:14,128 [INFO] PluginManager:220 - loadIPPluginJar : add dma
2024-05-10 20:42:14,165 [INFO] IPUIPlugin:80 - create IPUIPlugin
2024-05-10 20:42:14,165 [INFO] PluginManager:220 - loadIPPluginJar : add dma3
2024-05-10 20:42:14,179 [INFO] IPUIPlugin:80 - create IPUIPlugin
2024-05-10 20:42:14,179 [INFO] PluginManager:220 - loadIPPluginJar : add fatfs
2024-05-10 20:42:14,203 [INFO] IPUIPlugin:80 - create IPUIPlugin
2024-05-10 20:42:14,203 [INFO] PluginManager:220 - loadIPPluginJar : add fmc
2024-05-10 20:42:14,214 [INFO] IPUIPlugin:80 - create IPUIPlugin
2024-05-10 20:42:14,214 [INFO] PluginManager:220 - loadIPPluginJar : add freertos
2024-05-10 20:42:14,227 [INFO] IPUIPlugin:80 - create IPUIPlugin
2024-05-10 20:42:14,227 [INFO] PluginManager:220 - loadIPPluginJar : add genericplugin
2024-05-10 20:42:14,279 [INFO] IPUIPlugin:80 - create IPUIPlugin
2024-05-10 20:42:14,279 [INFO] PluginManager:220 - loadIPPluginJar : add gfxmmu
2024-05-10 20:42:14,339 [INFO] IPUIPlugin:80 - create IPUIPlugin
2024-05-10 20:42:14,340 [INFO] PluginManager:220 - loadIPPluginJar : add gic
2024-05-10 20:42:14,458 [INFO] IPUIPlugin:80 - create IPUIPlugin
2024-05-10 20:42:14,458 [INFO] PluginManager:220 - loadIPPluginJar : add gpio
2024-05-10 20:42:14,489 [INFO] IPUIPlugin:80 - create IPUIPlugin
2024-05-10 20:42:14,489 [INFO] PluginManager:220 - loadIPPluginJar : add gtzc
2024-05-10 20:42:14,515 [INFO] IPUIPlugin:80 - create IPUIPlugin
2024-05-10 20:42:14,515 [INFO] PluginManager:220 - loadIPPluginJar : add hash
2024-05-10 20:42:14,559 [INFO] IPUIPlugin:80 - create IPUIPlugin
2024-05-10 20:42:14,560 [INFO] PluginManager:220 - loadIPPluginJar : add i2c
2024-05-10 20:42:14,588 [INFO] IPUIPlugin:80 - create IPUIPlugin
2024-05-10 20:42:14,588 [INFO] PluginManager:220 - loadIPPluginJar : add i2s
2024-05-10 20:42:14,609 [INFO] IPUIPlugin:80 - create IPUIPlugin
2024-05-10 20:42:14,609 [INFO] PluginManager:220 - loadIPPluginJar : add i3c
2024-05-10 20:42:14,654 [INFO] IPUIPlugin:80 - create IPUIPlugin
2024-05-10 20:42:14,655 [INFO] PluginManager:220 - loadIPPluginJar : add ipddr
2024-05-10 20:42:14,704 [INFO] IPUIPlugin:80 - create IPUIPlugin
2024-05-10 20:42:14,704 [INFO] PluginManager:220 - loadIPPluginJar : add linkedlist
2024-05-10 20:42:14,732 [INFO] IPUIPlugin:80 - create IPUIPlugin
2024-05-10 20:42:14,732 [INFO] PluginManager:220 - loadIPPluginJar : add lorawan
2024-05-10 20:42:14,759 [INFO] IPUIPlugin:80 - create IPUIPlugin
2024-05-10 20:42:14,759 [INFO] PluginManager:220 - loadIPPluginJar : add ltdc
2024-05-10 20:42:14,862 [INFO] IPUIPlugin:80 - create IPUIPlugin
2024-05-10 20:42:14,862 [INFO] PluginManager:220 - loadIPPluginJar : add mdma
2024-05-10 20:42:14,982 [INFO] IPUIPlugin:80 - create IPUIPlugin
2024-05-10 20:42:14,982 [INFO] PluginManager:220 - loadIPPluginJar : add nvic
2024-05-10 20:42:15,005 [INFO] IPUIPlugin:80 - create IPUIPlugin
2024-05-10 20:42:15,005 [INFO] PluginManager:220 - loadIPPluginJar : add opamp
2024-05-10 20:42:15,031 [INFO] IPUIPlugin:80 - create IPUIPlugin
2024-05-10 20:42:15,031 [INFO] PluginManager:220 - loadIPPluginJar : add openamp
2024-05-10 20:42:15,049 [INFO] IPUIPlugin:80 - create IPUIPlugin
2024-05-10 20:42:15,049 [INFO] PluginManager:220 - loadIPPluginJar : add pdm2pcm
2024-05-10 20:42:15,163 [INFO] IPUIPlugin:80 - create IPUIPlugin
2024-05-10 20:42:15,165 [INFO] PluginManager:220 - loadIPPluginJar : add plateformsettings
2024-05-10 20:42:15,183 [INFO] IPUIPlugin:80 - create IPUIPlugin
2024-05-10 20:42:15,183 [INFO] PluginManager:220 - loadIPPluginJar : add quadspi
2024-05-10 20:42:15,192 [INFO] IPUIPlugin:80 - create IPUIPlugin
2024-05-10 20:42:15,192 [INFO] PluginManager:220 - loadIPPluginJar : add resmgrutility
2024-05-10 20:42:15,219 [INFO] IPUIPlugin:80 - create IPUIPlugin
2024-05-10 20:42:15,219 [INFO] PluginManager:220 - loadIPPluginJar : add sai
2024-05-10 20:42:15,246 [INFO] IPUIPlugin:80 - create IPUIPlugin
2024-05-10 20:42:15,246 [INFO] PluginManager:220 - loadIPPluginJar : add spi
2024-05-10 20:42:15,287 [INFO] IPUIPlugin:80 - create IPUIPlugin
2024-05-10 20:42:15,287 [INFO] PluginManager:220 - loadIPPluginJar : add stm32_wpan
2024-05-10 20:42:15,303 [INFO] IPUIPlugin:80 - create IPUIPlugin
2024-05-10 20:42:15,303 [INFO] PluginManager:220 - loadIPPluginJar : add tim
2024-05-10 20:42:15,337 [INFO] IPUIPlugin:80 - create IPUIPlugin
2024-05-10 20:42:15,337 [INFO] PluginManager:220 - loadIPPluginJar : add touchsensing
2024-05-10 20:42:15,351 [INFO] IPUIPlugin:80 - create IPUIPlugin
2024-05-10 20:42:15,351 [INFO] PluginManager:220 - loadIPPluginJar : add tracer_emb
2024-05-10 20:42:15,366 [INFO] IPUIPlugin:80 - create IPUIPlugin
2024-05-10 20:42:15,366 [INFO] PluginManager:220 - loadIPPluginJar : add ts
2024-05-10 20:42:15,382 [INFO] IPUIPlugin:80 - create IPUIPlugin
2024-05-10 20:42:15,382 [INFO] PluginManager:220 - loadIPPluginJar : add tsc
2024-05-10 20:42:15,401 [INFO] IPUIPlugin:80 - create IPUIPlugin
2024-05-10 20:42:15,401 [INFO] PluginManager:220 - loadIPPluginJar : add ucpd
2024-05-10 20:42:15,434 [INFO] IPUIPlugin:80 - create IPUIPlugin
2024-05-10 20:42:15,434 [INFO] PluginManager:220 - loadIPPluginJar : add usart
2024-05-10 20:42:15,463 [INFO] IPUIPlugin:80 - create IPUIPlugin
2024-05-10 20:42:15,463 [INFO] PluginManager:220 - loadIPPluginJar : add usbx
2024-05-10 20:42:15,577 [INFO] CADModel:165 - CPN selected for project level
2024-05-10 20:42:15,578 [INFO] CADModel:114 - Register for checkConnection events
2024-05-10 20:42:15,578 [FATAL] Updater:308 - Updater called before beeing initialized
2024-05-10 20:42:15,578 [ERROR] CADModel:125 - Updater not yet initialized, retry later 
2024-05-10 20:42:15,721 [INFO] CADModel:165 - CPN selected for project level
2024-05-10 20:42:15,721 [INFO] CADModel:114 - Register for checkConnection events
2024-05-10 20:42:15,721 [FATAL] Updater:308 - Updater called before beeing initialized
2024-05-10 20:42:15,721 [ERROR] CADModel:125 - Updater not yet initialized, retry later 
2024-05-10 20:42:15,724 [FATAL] Updater:308 - Updater called before beeing initialized
2024-05-10 20:42:15,825 [FATAL] Updater:308 - Updater called before beeing initialized
2024-05-10 20:42:15,832 [INFO] DbMcusAds:53 - JSON generation date=Wed Nov 29 17:52:27 ICT 2023 (1701255147349)
2024-05-10 20:42:15,833 [FATAL] Updater:308 - Updater called before beeing initialized
2024-05-10 20:42:15,950 [WARN] DetailPanel:346 - Failed to get advertising image, set to default
2024-05-10 20:42:16,051 [FATAL] Updater:308 - Updater called before beeing initialized
2024-05-10 20:42:16,053 [FATAL] Updater:308 - Updater called before beeing initialized
2024-05-10 20:42:16,053 [FATAL] Updater:308 - Updater called before beeing initialized
2024-05-10 20:42:16,053 [WARN] DetailPanel:346 - Failed to get advertising image, set to default
2024-05-10 20:42:16,054 [FATAL] Updater:308 - Updater called before beeing initialized
2024-05-10 20:42:16,116 [ERROR] Updater:1120 - MainUpdater not yet initialized. External WinMGr cannot be set.
2024-05-10 20:42:16,121 [INFO] Updater:1056 - Updater Version found : 6.10.0
2024-05-10 20:42:16,136 [INFO] ApplicationProperties:184 - Using Application install path: C:\ST\STM32CubeIDE_1.14.1\STM32CubeIDE\plugins\com.st.stm32cube.common.mx_6.10.0.202311202037
2024-05-10 20:42:16,402 [INFO] ThirdPartyUpdaterWithRetryManager:70 - Updater plugin not ready yet. [2/15]
2024-05-10 20:42:17,719 [ERROR] LogOutputStream:75 - [STDERR_REDIRECT] May 10, 2024 8:42:17 PM java.util.prefs.WindowsPreferences <init>
2024-05-10 20:42:17,720 [ERROR] LogOutputStream:75 - [STDERR_REDIRECT] WARNING: Could not open/create prefs root node Software\JavaSoft\Prefs at root 0xffffffff80000002. Windows RegCreateKeyEx(...) returned error code 5.
2024-05-10 20:42:17,720 [ERROR] LogOutputStream:75 - [STDERR_REDIRECT] 
2024-05-10 20:42:17,959 [INFO] MainUpdater:2873 - connection check result : 10
2024-05-10 20:42:17,959 [INFO] MainUpdater:290 - Updater Check For Update Now.
2024-05-10 20:42:17,960 [INFO] MicroXplorer:498 - Change Database Version : DB.6.0.100
2024-05-10 20:42:17,970 [INFO] McuFinderGlobals:63 - Set McuFinder mode to 2 (CubeIDE integrated)
2024-05-10 20:42:17,980 [INFO] UserAuth:404 - Internet connection configuration mode: 1
2024-05-10 20:42:18,002 [INFO] JxBrowserEngine:152 - Initiate JxBrowser Engine with user profile folder
2024-05-10 20:42:18,144 [INFO] CheckServerUpdateThread:120 - End of CheckServer Thread
2024-05-10 20:42:19,576 [WARN] PackLoader:240 - Cannot read IP mode file for STMicroelectronics.FP-SNS-MOTENVWB1.1.4.0
2024-05-10 20:42:19,592 [WARN] PackLoader:240 - Cannot read IP mode file for STMicroelectronics.X-CUBE-SMBUS.2.1.0
2024-05-10 20:42:19,606 [WARN] PackLoader:240 - Cannot read IP mode file for STMicroelectronics.X-CUBE-TOUCHGFX.4.23.1
2024-05-10 20:42:19,614 [WARN] PackLoader:240 - Cannot read IP mode file for STMicroelectronics.X-CUBE-TOUCHGFX.4.23.0
2024-05-10 20:42:19,622 [WARN] PackLoader:240 - Cannot read IP mode file for STMicroelectronics.X-CUBE-TOUCHGFX.4.23.2
2024-05-10 20:42:19,666 [WARN] PackLoader:240 - Cannot read IP mode file for STMicroelectronics.X-CUBE-AZRTOS-F7.1.1.0
2024-05-10 20:42:19,680 [WARN] PackLoader:240 - Cannot read IP mode file for STMicroelectronics.FP-SNS-MOTENV1.4.3.2
2024-05-10 20:42:19,693 [WARN] PackLoader:240 - Cannot read IP mode file for STMicroelectronics.FP-SNS-FLIGHT1.5.0.2
2024-05-10 20:42:19,709 [WARN] PackLoader:240 - Cannot read IP mode file for STMicroelectronics.X-CUBE-DISPLAY.3.0.0
2024-05-10 20:42:19,724 [WARN] PackLoader:240 - Cannot read IP mode file for STMicroelectronics.X-CUBE-BLE1.7.0.0
2024-05-10 20:42:19,736 [WARN] PackLoader:240 - Cannot read IP mode file for emotas.I-CUBE-CANOPEN.1.3.0
2024-05-10 20:42:19,746 [WARN] PackLoader:240 - Cannot read IP mode file for STMicroelectronics.FP-SNS-SMARTAG2.1.2.0
2024-05-10 20:42:19,765 [INFO] LogOutputStream:77 - [STDOUT_REDIRECT] 1 : Invalid condition id : UX_CORESTACK_Condition cause : null
2024-05-10 20:42:19,766 [INFO] LogOutputStream:77 - [STDOUT_REDIRECT] 1 : Invalid condition id : UX_CORESTACK_Condition cause : null
2024-05-10 20:42:19,767 [INFO] LogOutputStream:77 - [STDOUT_REDIRECT] 1 : Invalid condition id : UX_CORESTACK_Condition cause : null
2024-05-10 20:42:19,768 [INFO] LogOutputStream:77 - [STDOUT_REDIRECT] 1 : Invalid condition id : UX_CORESTACK_Condition cause : null
2024-05-10 20:42:19,769 [INFO] LogOutputStream:77 - [STDOUT_REDIRECT] 1 : Invalid condition id : UX_CORESTACK_Condition cause : null
2024-05-10 20:42:19,772 [WARN] PackLoader:240 - Cannot read IP mode file for STMicroelectronics.X-CUBE-AZRTOS-WL.2.0.0
2024-05-10 20:42:19,783 [WARN] PackLoader:240 - Cannot read IP mode file for STMicroelectronics.FP-SNS-MOTENV1.5.0.0
2024-05-10 20:42:19,796 [WARN] PackLoader:240 - Cannot read IP mode file for WES.I-CUBE-Cesium.1.3.0
2024-05-10 20:42:19,804 [WARN] PackLoader:240 - Cannot read IP mode file for STMicroelectronics.X-CUBE-BLE2.3.3.0
2024-05-10 20:42:19,814 [WARN] PackLoader:240 - Cannot read IP mode file for STMicroelectronics.X-CUBE-TCPP.4.1.0
2024-05-10 20:42:19,825 [WARN] PackLoader:240 - Cannot read IP mode file for STMicroelectronics.X-CUBE-ALGOBUILD.1.3.0
2024-05-10 20:42:19,859 [WARN] PackLoader:240 - Cannot read IP mode file for STMicroelectronics.X-CUBE-AZRTOS-G0.1.1.0
2024-05-10 20:42:19,872 [WARN] PackLoader:240 - Cannot read IP mode file for STMicroelectronics.X-CUBE-SAFEA1.1.2.2
2024-05-10 20:42:19,886 [WARN] PackLoader:240 - Cannot read IP mode file for STMicroelectronics.X-CUBE-NFC4.3.0.0
2024-05-10 20:42:19,896 [WARN] PackLoader:240 - Cannot read IP mode file for STMicroelectronics.FP-ATR-SIGFOX1.3.2.0
2024-05-10 20:42:19,928 [WARN] PackLoader:240 - Cannot read IP mode file for SEGGER.I-CUBE-embOS.1.3.1
2024-05-10 20:42:19,972 [WARN] PackLoader:240 - Cannot read IP mode file for STMicroelectronics.X-CUBE-GNSS1.6.0.0
2024-05-10 20:42:20,004 [WARN] PackLoader:240 - Cannot read IP mode file for STMicroelectronics.X-CUBE-AZRTOS-F4.1.1.0
2024-05-10 20:42:20,018 [WARN] PackLoader:240 - Cannot read IP mode file for STMicroelectronics.X-CUBE-FREERTOS.1.2.0
2024-05-10 20:42:20,026 [WARN] PackLoader:240 - Cannot read IP mode file for wolfSSL.I-CUBE-wolfSSL.5.6.6
2024-05-10 20:42:20,051 [WARN] PackLoader:240 - Cannot read IP mode file for STMicroelectronics.X-CUBE-AZRTOS-L5.2.0.0
2024-05-10 20:42:20,067 [WARN] PackLoader:240 - Cannot read IP mode file for STMicroelectronics.X-CUBE-NFC6.3.1.0
2024-05-10 20:42:20,079 [WARN] PackLoader:240 - Cannot read IP mode file for ITTIA_DB.I-CUBE-ITTIADB.8.8.0
2024-05-10 20:42:20,089 [WARN] PackLoader:240 - Cannot read IP mode file for STMicroelectronics.X-CUBE-AI.9.0.0
2024-05-10 20:42:20,101 [WARN] PackLoader:240 - Cannot read IP mode file for STMicroelectronics.X-CUBE-NFC7.1.0.1
2024-05-10 20:42:20,117 [WARN] PackLoader:240 - Cannot read IP mode file for STMicroelectronics.X-CUBE-NFC6.3.0.0
2024-05-10 20:42:20,128 [WARN] PackLoader:240 - Cannot read IP mode file for STMicroelectronics.X-CUBE-AI.8.1.0
2024-05-10 20:42:20,150 [WARN] ConditionMgr:438 - getConditionDescription Invalid condition id : LAN8742 Phy interface Condition cause : null
2024-05-10 20:42:20,150 [WARN] PackLoader:240 - Cannot read IP mode file for STMicroelectronics.X-CUBE-AZRTOS-L4.2.0.0
2024-05-10 20:42:20,151 [WARN] ConditionMgr:1039 - genDependencies : Invalid condition id : LAN8742 Phy interface Condition cause : null
2024-05-10 20:42:20,151 [WARN] ConditionMgr:1039 - genDependencies : Invalid condition id : LAN8742 Phy interface Condition cause : null
2024-05-10 20:42:20,152 [WARN] ConditionMgr:1039 - genDependencies : Invalid condition id : LAN8742 Phy interface Condition cause : null
2024-05-10 20:42:20,187 [WARN] PackLoader:240 - Cannot read IP mode file for STMicroelectronics.X-CUBE-SFXS2LP1.4.0.0
2024-05-10 20:42:20,251 [WARN] ConditionMgr:438 - getConditionDescription Invalid condition id : UX DEVICE CLASS RTOS Condition cause : null
2024-05-10 20:42:20,251 [WARN] ConditionMgr:438 - getConditionDescription Invalid condition id : UX DEVICE CLASS RTOS Condition cause : null
2024-05-10 20:42:20,252 [WARN] PackLoader:240 - Cannot read IP mode file for STMicroelectronics.X-CUBE-AZRTOS-WB.2.0.0
2024-05-10 20:42:20,253 [WARN] ConditionMgr:1039 - genDependencies : Invalid condition id : UX DEVICE CLASS RTOS Condition cause : null
2024-05-10 20:42:20,253 [WARN] ConditionMgr:1039 - genDependencies : Invalid condition id : UX DEVICE CLASS RTOS Condition cause : null
2024-05-10 20:42:20,253 [WARN] ConditionMgr:1039 - genDependencies : Invalid condition id : UX DEVICE CLASS RTOS Condition cause : null
2024-05-10 20:42:20,253 [WARN] ConditionMgr:1039 - genDependencies : Invalid condition id : UX DEVICE CLASS RTOS Condition cause : null
2024-05-10 20:42:20,253 [WARN] ConditionMgr:1039 - genDependencies : Invalid condition id : UX DEVICE CLASS RTOS Condition cause : null
2024-05-10 20:42:20,270 [WARN] PackLoader:240 - Cannot read IP mode file for STMicroelectronics.X-CUBE-SUBG2.5.0.0
2024-05-10 20:42:20,305 [WARN] PackLoader:240 - Cannot read IP mode file for STMicroelectronics.X-CUBE-AZRTOS-G4.2.0.0
2024-05-10 20:42:20,330 [WARN] PackLoader:240 - Cannot read IP mode file for Infineon.AIROC-Wi-Fi-Bluetooth-STM32.1.5.1
2024-05-10 20:42:20,354 [WARN] PackLoader:240 - Cannot read IP mode file for STMicroelectronics.FP-SNS-MOTENVWB1.1.3.1
2024-05-10 20:42:20,555 [WARN] PackLoader:240 - Cannot read IP mode file for STMicroelectronics.X-CUBE-MEMS1.10.0.0
2024-05-10 20:42:20,660 [WARN] PackLoader:240 - Cannot read IP mode file for STMicroelectronics.X-CUBE-FREERTOS.1.1.0
2024-05-10 20:42:20,677 [WARN] PackLoader:240 - Cannot read IP mode file for portGmbH.I-Cube-SoM-uGOAL.1.1.0
2024-05-10 20:42:20,695 [WARN] PackLoader:240 - Cannot read IP mode file for STMicroelectronics.X-CUBE-ALS.1.0.1
2024-05-10 20:42:20,742 [WARN] PackLoader:240 - Cannot read IP mode file for STMicroelectronics.X-CUBE-AZRTOS-H7RS.1.0.0
2024-05-10 20:42:20,754 [WARN] PackLoader:240 - Cannot read IP mode file for STMicroelectronics.FP-ATR-ASTRA1.2.0.0
2024-05-10 20:42:20,797 [WARN] PackLoader:240 - Cannot read IP mode file for STMicroelectronics.X-CUBE-TOF1.3.4.0
2024-05-10 20:42:20,842 [WARN] PackLoader:240 - Cannot read IP mode file for STMicroelectronics.X-CUBE-TOF1.3.4.1
2024-05-10 20:42:20,890 [WARN] PackLoader:240 - Cannot read IP mode file for STMicroelectronics.X-CUBE-AZRTOS-H7.3.2.0
2024-05-10 20:42:20,893 [INFO] ThirdParty:978 - Integrity check success = true
2024-05-10 20:42:20,894 [INFO] IntegrityCheckThread:100 - exiting critical section [integrity check]
2024-05-10 20:42:20,894 [INFO] IntegrityCheckThread:103 - End integrity checks thread
2024-05-10 20:42:20,925 [INFO] WebApp:161 - Instantiating new browser for Auth
2024-05-10 20:42:21,431 [INFO] WebApp:780 - Register for checkConnection events
2024-05-10 20:42:21,431 [INFO] WebApp:414 - Apply proxy settings
2024-05-10 20:42:21,431 [INFO] WebApp:499 - Chromium requires no authentication
2024-05-10 20:42:21,439 [INFO] WebApp:442 - Direct internet connection detected
2024-05-10 20:42:21,561 [INFO] WebApp:192 - Starting web application
2024-05-10 20:42:21,561 [INFO] WebApp:544 - Web application path used C:\ST\STM32CubeIDE_1.14.1\STM32CubeIDE\plugins\com.st.stm32cube.common.mx_6.10.0.202311202037\db\plugins\mcufinder\reactClient1\index.html
2024-05-10 20:42:42,277 [ERROR] LogOutputStream:75 - [STDERR_REDIRECT] SLF4J: Failed to load class "org.slf4j.impl.StaticLoggerBinder".
2024-05-10 20:42:42,278 [ERROR] LogOutputStream:75 - [STDERR_REDIRECT] SLF4J: Defaulting to no-operation (NOP) logger implementation
2024-05-10 20:42:42,278 [ERROR] LogOutputStream:75 - [STDERR_REDIRECT] SLF4J: See http://www.slf4j.org/codes.html#StaticLoggerBinder for further details.
2024-05-10 21:45:03,426 [ERROR] LogOutputStream:75 - [STDERR_REDIRECT] 
2024-05-10 21:45:03,426 [ERROR] LogOutputStream:75 - [STDERR_REDIRECT] 
