2024-05-14 16:36:42,208 [INFO] Activator:176 - 


2024-05-14 16:36:42,218 [INFO] Activator:177 - !SESSION log4j initialized
2024-05-14 16:36:47,348 [INFO] LogOutputStream:77 - [STDOUT_REDIRECT] 
2024-05-14 16:36:48,372 [INFO] ApplicationProperties:184 - Using Application install path: C:\ST\STM32CubeIDE_1.14.1\STM32CubeIDE\plugins\com.st.stm32cube.common.mx_6.10.0.202311202037
2024-05-14 16:36:48,389 [INFO] DbMcusXml:78 - Set database path to: C:\ST\STM32CubeIDE_1.14.1\STM32CubeIDE\plugins\com.st.stm32cube.common.mx_6.10.0.202311202037\\db\/mcu/
2024-05-14 16:36:48,390 [INFO] ApiDb:274 - Set plugin database path to: C:\ST\STM32CubeIDE_1.14.1\STM32CubeIDE\plugins\com.st.stm32cube.common.mx_6.10.0.202311202037\\db\/plugins/boardmanager/
2024-05-14 16:36:48,390 [WARN] ApiDb:259 - Overriding images path with different value:  => C:\ST\STM32CubeIDE_1.14.1\STM32CubeIDE\plugins\com.st.stm32cube.common.mx_6.10.0.202311202037\\db\/plugins/mcufinder/images/
2024-05-14 16:36:48,400 [INFO] ApiDb:250 - Set database path to: C:\Users\NguyenTienLuan\.stmcufinder\plugins\mcufinder//mcu/
2024-05-14 16:36:48,402 [INFO] DbMcusAds:125 - Set database path to: C:\Users\NguyenTienLuan\.stmcufinder\plugins\mcufinder//mcu/
2024-05-14 16:36:48,404 [INFO] CrossReferenceDbSqlite:203 - Set database path to: C:\Users\NguyenTienLuan\.stmcufinder\plugins\mcufinder//mcu/cs/
2024-05-14 16:36:48,539 [INFO] RulesReader:64 - Compatibility file has been processed (297 Rules)
2024-05-14 16:36:48,642 [INFO] DbMcusXml:78 - Set database path to: C:\ST\STM32CubeIDE_1.14.1\STM32CubeIDE\plugins\com.st.stm32cube.common.mx_6.10.0.202311202037\\db\/mcu/
2024-05-14 16:36:48,642 [INFO] ApiDb:274 - Set plugin database path to: C:\ST\STM32CubeIDE_1.14.1\STM32CubeIDE\plugins\com.st.stm32cube.common.mx_6.10.0.202311202037\\db\/plugins/boardmanager/
2024-05-14 16:36:48,642 [INFO] ApiDb:261 - Set plugin images path to: C:\ST\STM32CubeIDE_1.14.1\STM32CubeIDE\plugins\com.st.stm32cube.common.mx_6.10.0.202311202037\\db\/plugins/mcufinder/images/
2024-05-14 16:36:48,642 [WARN] DbFile:41 - Overriding database path with different value: C:\Users\NguyenTienLuan\.stmcufinder\plugins\mcufinder/ => C:\Users\NguyenTienLuan\.stmcufinder\plugins\mcufinder
2024-05-14 16:36:48,642 [INFO] ApiDb:250 - Set database path to: C:\Users\NguyenTienLuan\.stmcufinder\plugins\mcufinder//mcu/
2024-05-14 16:36:48,643 [WARN] DbFile:41 - Overriding database path with different value: C:\Users\NguyenTienLuan\.stmcufinder\plugins\mcufinder/ => C:\Users\NguyenTienLuan\.stmcufinder\plugins\mcufinder
2024-05-14 16:36:48,643 [INFO] DbMcusAds:125 - Set database path to: C:\Users\NguyenTienLuan\.stmcufinder\plugins\mcufinder//mcu/
2024-05-14 16:36:48,643 [WARN] DbFile:41 - Overriding database path with different value: C:\Users\NguyenTienLuan\.stmcufinder\plugins\mcufinder/ => C:\Users\NguyenTienLuan\.stmcufinder\plugins\mcufinder
2024-05-14 16:36:48,643 [WARN] DbFile:41 - Overriding database path with different value: C:\Users\NguyenTienLuan\.stmcufinder\plugins\mcufinder/ => C:\Users\NguyenTienLuan\.stmcufinder\plugins\mcufinder
2024-05-14 16:36:48,643 [INFO] CrossReferenceDbSqlite:203 - Set database path to: C:\Users\NguyenTienLuan\.stmcufinder\plugins\mcufinder//mcu/cs/
2024-05-14 16:36:48,718 [INFO] MainPanel:264 - HeapMemory: 268435456
2024-05-14 16:36:48,831 [INFO] DbMcusXml:78 - Set database path to: C:\ST\STM32CubeIDE_1.14.1\STM32CubeIDE\plugins\com.st.stm32cube.common.mx_6.10.0.202311202037\\db\/mcu/
2024-05-14 16:36:48,831 [INFO] ApiDb:274 - Set plugin database path to: C:\ST\STM32CubeIDE_1.14.1\STM32CubeIDE\plugins\com.st.stm32cube.common.mx_6.10.0.202311202037\\db\/plugins/boardmanager/
2024-05-14 16:36:48,831 [INFO] ApiDb:261 - Set plugin images path to: C:\ST\STM32CubeIDE_1.14.1\STM32CubeIDE\plugins\com.st.stm32cube.common.mx_6.10.0.202311202037\\db\/plugins/mcufinder/images/
2024-05-14 16:36:48,831 [WARN] DbFile:41 - Overriding database path with different value: C:\Users\NguyenTienLuan\.stmcufinder\plugins\mcufinder/ => C:\Users\NguyenTienLuan\.stmcufinder\plugins\mcufinder
2024-05-14 16:36:48,832 [INFO] ApiDb:250 - Set database path to: C:\Users\NguyenTienLuan\.stmcufinder\plugins\mcufinder//mcu/
2024-05-14 16:36:48,832 [WARN] DbFile:41 - Overriding database path with different value: C:\Users\NguyenTienLuan\.stmcufinder\plugins\mcufinder/ => C:\Users\NguyenTienLuan\.stmcufinder\plugins\mcufinder
2024-05-14 16:36:48,832 [INFO] DbMcusAds:125 - Set database path to: C:\Users\NguyenTienLuan\.stmcufinder\plugins\mcufinder//mcu/
2024-05-14 16:36:48,832 [WARN] DbFile:41 - Overriding database path with different value: C:\Users\NguyenTienLuan\.stmcufinder\plugins\mcufinder/ => C:\Users\NguyenTienLuan\.stmcufinder\plugins\mcufinder
2024-05-14 16:36:48,832 [WARN] DbFile:41 - Overriding database path with different value: C:\Users\NguyenTienLuan\.stmcufinder\plugins\mcufinder/ => C:\Users\NguyenTienLuan\.stmcufinder\plugins\mcufinder
2024-05-14 16:36:48,832 [INFO] CrossReferenceDbSqlite:203 - Set database path to: C:\Users\NguyenTienLuan\.stmcufinder\plugins\mcufinder//mcu/cs/
2024-05-14 16:36:48,850 [INFO] ApplicationProperties:184 - Using Application install path: C:\ST\STM32CubeIDE_1.14.1\STM32CubeIDE\plugins\com.st.stm32cube.common.mx_6.10.0.202311202037
2024-05-14 16:36:48,852 [INFO] PluginManage:196 - Search for loadable plugins [exclusion list=, ]
2024-05-14 16:36:48,854 [INFO] PluginManage:310 - Check plugin analytics
2024-05-14 16:36:49,024 [INFO] AnalyticsPlugin:253 - Accepted Software Licenses: 
2024-05-14 16:36:49,024 [INFO] AnalyticsPlugin:255 - Accepted CMSIS Pack Licenses: 
2024-05-14 16:36:49,024 [INFO] AnalyticsPlugin:257 - Accepted Firmware Licenses: 
2024-05-14 16:36:49,027 [INFO] PluginManage:359 - Loaded plugin analytics (category:tool,tabindex:-1)
2024-05-14 16:36:49,028 [INFO] PluginManage:310 - Check plugin cadmodel
2024-05-14 16:36:49,043 [INFO] CADModel:105 - Init CAD model plugin
2024-05-14 16:36:49,043 [INFO] PluginManage:359 - Loaded plugin cadmodel (category:power,tabindex:5)
2024-05-14 16:36:49,043 [INFO] PluginManage:310 - Check plugin clock
2024-05-14 16:36:49,058 [INFO] PluginManage:359 - Loaded plugin clock (category:base,tabindex:2)
2024-05-14 16:36:49,059 [INFO] PluginManage:310 - Check plugin ddr
2024-05-14 16:36:49,060 [INFO] PluginManage:359 - Loaded plugin ddr (category:tool,tabindex:6)
2024-05-14 16:36:49,060 [INFO] PluginManage:310 - Check plugin filemanager
2024-05-14 16:36:49,220 [INFO] PluginManage:359 - Loaded plugin filemanager (category:base,tabindex:10)
2024-05-14 16:36:49,221 [INFO] PluginManage:310 - Check plugin ipmanager
2024-05-14 16:36:49,233 [INFO] PluginManage:359 - Loaded plugin ipmanager (category:base,tabindex:5)
2024-05-14 16:36:49,233 [INFO] PluginManage:310 - Check plugin lpbam
2024-05-14 16:36:49,435 [INFO] PluginManage:359 - Loaded plugin lpbam (category:base,tabindex:0)
2024-05-14 16:36:49,435 [INFO] PluginManage:310 - Check plugin memorymap
2024-05-14 16:36:49,634 [INFO] PluginManage:359 - Loaded plugin memorymap (category:base,tabindex:4)
2024-05-14 16:36:49,635 [INFO] PluginManage:310 - Check plugin pinoutandconfiguration
2024-05-14 16:36:49,650 [INFO] PluginManage:359 - Loaded plugin pinoutandconfiguration (category:base,tabindex:1)
2024-05-14 16:36:49,650 [INFO] PluginManage:310 - Check plugin pinoutconfig
2024-05-14 16:36:49,751 [WARN] SupportedApi:132 - Cannot load RTOS API schema: s4s-elt-must-match.1: The content of 'definitions' must match (annotation?, (simpleType | complexType)?, (unique | key | keyref)*)). A problem was found starting at: attribute.
2024-05-14 16:36:49,889 [INFO] PluginManage:359 - Loaded plugin pinoutconfig (category:base,tabindex:0)
2024-05-14 16:36:49,890 [INFO] PluginManage:310 - Check plugin power
2024-05-14 16:36:49,932 [INFO] PluginManage:359 - Loaded plugin power (category:power,tabindex:4)
2024-05-14 16:36:49,932 [INFO] PluginManage:310 - Check plugin projectmanager
2024-05-14 16:36:49,945 [INFO] PluginManage:359 - Loaded plugin projectmanager (category:projectmanager,tabindex:3)
2024-05-14 16:36:49,946 [INFO] PluginManage:310 - Check plugin thirdparty
2024-05-14 16:36:50,189 [INFO] PluginManage:359 - Loaded plugin thirdparty (category:base,tabindex:-1)
2024-05-14 16:36:50,189 [INFO] PluginManage:310 - Check plugin tools
2024-05-14 16:36:50,189 [WARN] IntegrityCheckThread:84 - waiting for thirdparty lock release [integrity check]
2024-05-14 16:36:50,189 [INFO] IntegrityCheckThread:86 - entering critical section [integrity check]
2024-05-14 16:36:50,190 [INFO] ThirdPartyUpdaterWithRetryManager:70 - Updater plugin not ready yet. [1/15]
2024-05-14 16:36:50,215 [INFO] PluginManage:359 - Loaded plugin tools (category:base,tabindex:7)
2024-05-14 16:36:50,215 [INFO] PluginManage:310 - Check plugin tutovideos
2024-05-14 16:36:50,488 [INFO] PluginManage:359 - Loaded plugin tutovideos (category:base,tabindex:-1)
2024-05-14 16:36:50,488 [INFO] PluginManage:310 - Check plugin updater
2024-05-14 16:36:50,497 [INFO] PluginManage:359 - Loaded plugin updater (category:base,tabindex:12)
2024-05-14 16:36:50,497 [INFO] PluginManage:310 - Check plugin userauth
2024-05-14 16:36:50,502 [INFO] UserAuth:114 - Init User Auth plugin
2024-05-14 16:36:50,502 [INFO] PluginManage:359 - Loaded plugin userauth (category:base,tabindex:14)
2024-05-14 16:36:50,502 [INFO] PluginManage:283 - PluginManage : Loaded plugins [17]
2024-05-14 16:36:50,710 [INFO] PinOutPanel:1499 - setPackage(No Configuration,No Configuration)
2024-05-14 16:36:50,766 [INFO] CADModel:165 - CPN selected for project level
2024-05-14 16:36:50,766 [INFO] CADModel:114 - Register for checkConnection events
2024-05-14 16:36:50,840 [INFO] IPUIPlugin:80 - create IPUIPlugin
2024-05-14 16:36:50,841 [INFO] PluginManager:220 - loadIPPluginJar : add adc
2024-05-14 16:36:50,864 [INFO] IPUIPlugin:80 - create IPUIPlugin
2024-05-14 16:36:50,864 [INFO] PluginManager:220 - loadIPPluginJar : add aes
2024-05-14 16:36:50,886 [INFO] IPUIPlugin:80 - create IPUIPlugin
2024-05-14 16:36:50,886 [INFO] PluginManager:220 - loadIPPluginJar : add can
2024-05-14 16:36:50,897 [INFO] IPUIPlugin:80 - create IPUIPlugin
2024-05-14 16:36:50,898 [INFO] PluginManager:220 - loadIPPluginJar : add comp
2024-05-14 16:36:50,915 [INFO] IPUIPlugin:80 - create IPUIPlugin
2024-05-14 16:36:50,915 [INFO] PluginManager:220 - loadIPPluginJar : add cryp
2024-05-14 16:36:50,931 [INFO] IPUIPlugin:80 - create IPUIPlugin
2024-05-14 16:36:50,931 [INFO] PluginManager:220 - loadIPPluginJar : add dfsdm
2024-05-14 16:36:50,996 [INFO] IPUIPlugin:80 - create IPUIPlugin
2024-05-14 16:36:50,997 [INFO] PluginManager:220 - loadIPPluginJar : add dma
2024-05-14 16:36:51,036 [INFO] IPUIPlugin:80 - create IPUIPlugin
2024-05-14 16:36:51,036 [INFO] PluginManager:220 - loadIPPluginJar : add dma3
2024-05-14 16:36:51,057 [INFO] IPUIPlugin:80 - create IPUIPlugin
2024-05-14 16:36:51,057 [INFO] PluginManager:220 - loadIPPluginJar : add fatfs
2024-05-14 16:36:51,087 [INFO] IPUIPlugin:80 - create IPUIPlugin
2024-05-14 16:36:51,088 [INFO] PluginManager:220 - loadIPPluginJar : add fmc
2024-05-14 16:36:51,104 [INFO] IPUIPlugin:80 - create IPUIPlugin
2024-05-14 16:36:51,104 [INFO] PluginManager:220 - loadIPPluginJar : add freertos
2024-05-14 16:36:51,120 [INFO] IPUIPlugin:80 - create IPUIPlugin
2024-05-14 16:36:51,120 [INFO] PluginManager:220 - loadIPPluginJar : add genericplugin
2024-05-14 16:36:51,180 [INFO] IPUIPlugin:80 - create IPUIPlugin
2024-05-14 16:36:51,181 [INFO] PluginManager:220 - loadIPPluginJar : add gfxmmu
2024-05-14 16:36:51,247 [INFO] IPUIPlugin:80 - create IPUIPlugin
2024-05-14 16:36:51,247 [INFO] PluginManager:220 - loadIPPluginJar : add gic
2024-05-14 16:36:51,380 [INFO] IPUIPlugin:80 - create IPUIPlugin
2024-05-14 16:36:51,380 [INFO] PluginManager:220 - loadIPPluginJar : add gpio
2024-05-14 16:36:51,424 [INFO] IPUIPlugin:80 - create IPUIPlugin
2024-05-14 16:36:51,425 [INFO] PluginManager:220 - loadIPPluginJar : add gtzc
2024-05-14 16:36:51,445 [INFO] IPUIPlugin:80 - create IPUIPlugin
2024-05-14 16:36:51,445 [INFO] PluginManager:220 - loadIPPluginJar : add hash
2024-05-14 16:36:51,478 [INFO] IPUIPlugin:80 - create IPUIPlugin
2024-05-14 16:36:51,478 [INFO] PluginManager:220 - loadIPPluginJar : add i2c
2024-05-14 16:36:51,503 [INFO] IPUIPlugin:80 - create IPUIPlugin
2024-05-14 16:36:51,504 [INFO] PluginManager:220 - loadIPPluginJar : add i2s
2024-05-14 16:36:51,523 [INFO] IPUIPlugin:80 - create IPUIPlugin
2024-05-14 16:36:51,523 [INFO] PluginManager:220 - loadIPPluginJar : add i3c
2024-05-14 16:36:51,570 [INFO] IPUIPlugin:80 - create IPUIPlugin
2024-05-14 16:36:51,570 [INFO] PluginManager:220 - loadIPPluginJar : add ipddr
2024-05-14 16:36:51,629 [INFO] IPUIPlugin:80 - create IPUIPlugin
2024-05-14 16:36:51,629 [INFO] PluginManager:220 - loadIPPluginJar : add linkedlist
2024-05-14 16:36:51,657 [INFO] IPUIPlugin:80 - create IPUIPlugin
2024-05-14 16:36:51,657 [INFO] PluginManager:220 - loadIPPluginJar : add lorawan
2024-05-14 16:36:51,691 [INFO] IPUIPlugin:80 - create IPUIPlugin
2024-05-14 16:36:51,691 [INFO] PluginManager:220 - loadIPPluginJar : add ltdc
2024-05-14 16:36:51,804 [INFO] IPUIPlugin:80 - create IPUIPlugin
2024-05-14 16:36:51,805 [INFO] PluginManager:220 - loadIPPluginJar : add mdma
2024-05-14 16:36:51,935 [INFO] IPUIPlugin:80 - create IPUIPlugin
2024-05-14 16:36:51,936 [INFO] PluginManager:220 - loadIPPluginJar : add nvic
2024-05-14 16:36:51,963 [INFO] IPUIPlugin:80 - create IPUIPlugin
2024-05-14 16:36:51,963 [INFO] PluginManager:220 - loadIPPluginJar : add opamp
2024-05-14 16:36:51,995 [INFO] IPUIPlugin:80 - create IPUIPlugin
2024-05-14 16:36:51,995 [INFO] PluginManager:220 - loadIPPluginJar : add openamp
2024-05-14 16:36:52,023 [INFO] IPUIPlugin:80 - create IPUIPlugin
2024-05-14 16:36:52,023 [INFO] PluginManager:220 - loadIPPluginJar : add pdm2pcm
2024-05-14 16:36:52,136 [INFO] IPUIPlugin:80 - create IPUIPlugin
2024-05-14 16:36:52,138 [INFO] PluginManager:220 - loadIPPluginJar : add plateformsettings
2024-05-14 16:36:52,150 [INFO] IPUIPlugin:80 - create IPUIPlugin
2024-05-14 16:36:52,150 [INFO] PluginManager:220 - loadIPPluginJar : add quadspi
2024-05-14 16:36:52,160 [INFO] IPUIPlugin:80 - create IPUIPlugin
2024-05-14 16:36:52,160 [INFO] PluginManager:220 - loadIPPluginJar : add resmgrutility
2024-05-14 16:36:52,178 [INFO] IPUIPlugin:80 - create IPUIPlugin
2024-05-14 16:36:52,178 [INFO] PluginManager:220 - loadIPPluginJar : add sai
2024-05-14 16:36:52,204 [INFO] IPUIPlugin:80 - create IPUIPlugin
2024-05-14 16:36:52,205 [INFO] PluginManager:220 - loadIPPluginJar : add spi
2024-05-14 16:36:52,240 [INFO] IPUIPlugin:80 - create IPUIPlugin
2024-05-14 16:36:52,240 [INFO] PluginManager:220 - loadIPPluginJar : add stm32_wpan
2024-05-14 16:36:52,254 [INFO] IPUIPlugin:80 - create IPUIPlugin
2024-05-14 16:36:52,254 [INFO] PluginManager:220 - loadIPPluginJar : add tim
2024-05-14 16:36:52,279 [INFO] IPUIPlugin:80 - create IPUIPlugin
2024-05-14 16:36:52,279 [INFO] PluginManager:220 - loadIPPluginJar : add touchsensing
2024-05-14 16:36:52,297 [INFO] IPUIPlugin:80 - create IPUIPlugin
2024-05-14 16:36:52,297 [INFO] PluginManager:220 - loadIPPluginJar : add tracer_emb
2024-05-14 16:36:52,317 [INFO] IPUIPlugin:80 - create IPUIPlugin
2024-05-14 16:36:52,317 [INFO] PluginManager:220 - loadIPPluginJar : add ts
2024-05-14 16:36:52,334 [INFO] IPUIPlugin:80 - create IPUIPlugin
2024-05-14 16:36:52,335 [INFO] PluginManager:220 - loadIPPluginJar : add tsc
2024-05-14 16:36:52,352 [INFO] IPUIPlugin:80 - create IPUIPlugin
2024-05-14 16:36:52,353 [INFO] PluginManager:220 - loadIPPluginJar : add ucpd
2024-05-14 16:36:52,373 [INFO] IPUIPlugin:80 - create IPUIPlugin
2024-05-14 16:36:52,373 [INFO] PluginManager:220 - loadIPPluginJar : add usart
2024-05-14 16:36:52,397 [INFO] IPUIPlugin:80 - create IPUIPlugin
2024-05-14 16:36:52,397 [INFO] PluginManager:220 - loadIPPluginJar : add usbx
2024-05-14 16:36:52,510 [INFO] CADModel:165 - CPN selected for project level
2024-05-14 16:36:52,510 [INFO] CADModel:114 - Register for checkConnection events
2024-05-14 16:36:52,510 [FATAL] Updater:308 - Updater called before beeing initialized
2024-05-14 16:36:52,511 [ERROR] CADModel:125 - Updater not yet initialized, retry later 
2024-05-14 16:36:52,629 [INFO] CADModel:165 - CPN selected for project level
2024-05-14 16:36:52,629 [INFO] CADModel:114 - Register for checkConnection events
2024-05-14 16:36:52,629 [FATAL] Updater:308 - Updater called before beeing initialized
2024-05-14 16:36:52,629 [ERROR] CADModel:125 - Updater not yet initialized, retry later 
2024-05-14 16:36:52,631 [FATAL] Updater:308 - Updater called before beeing initialized
2024-05-14 16:36:52,704 [FATAL] Updater:308 - Updater called before beeing initialized
2024-05-14 16:36:52,711 [INFO] DbMcusAds:53 - JSON generation date=Wed Nov 29 17:52:27 ICT 2023 (1701255147349)
2024-05-14 16:36:52,711 [FATAL] Updater:308 - Updater called before beeing initialized
2024-05-14 16:36:52,836 [WARN] DetailPanel:346 - Failed to get advertising image, set to default
2024-05-14 16:36:52,908 [FATAL] Updater:308 - Updater called before beeing initialized
2024-05-14 16:36:52,909 [FATAL] Updater:308 - Updater called before beeing initialized
2024-05-14 16:36:52,909 [FATAL] Updater:308 - Updater called before beeing initialized
2024-05-14 16:36:52,909 [WARN] DetailPanel:346 - Failed to get advertising image, set to default
2024-05-14 16:36:52,909 [FATAL] Updater:308 - Updater called before beeing initialized
2024-05-14 16:36:52,976 [ERROR] Updater:1120 - MainUpdater not yet initialized. External WinMGr cannot be set.
2024-05-14 16:36:52,983 [INFO] Updater:1056 - Updater Version found : 6.10.0
2024-05-14 16:36:53,007 [INFO] ApplicationProperties:184 - Using Application install path: C:\ST\STM32CubeIDE_1.14.1\STM32CubeIDE\plugins\com.st.stm32cube.common.mx_6.10.0.202311202037
2024-05-14 16:36:53,192 [INFO] ThirdPartyUpdaterWithRetryManager:70 - Updater plugin not ready yet. [2/15]
2024-05-14 16:36:54,585 [ERROR] LogOutputStream:75 - [STDERR_REDIRECT] May 14, 2024 4:36:54 PM java.util.prefs.WindowsPreferences <init>
2024-05-14 16:36:54,586 [ERROR] LogOutputStream:75 - [STDERR_REDIRECT] WARNING: Could not open/create prefs root node Software\JavaSoft\Prefs at root 0xffffffff80000002. Windows RegCreateKeyEx(...) returned error code 5.
2024-05-14 16:36:54,586 [ERROR] LogOutputStream:75 - [STDERR_REDIRECT] 
2024-05-14 16:36:54,919 [INFO] MainUpdater:2873 - connection check result : 10
2024-05-14 16:36:54,919 [INFO] MainUpdater:3567 - Updater definition file requires update
2024-05-14 16:36:54,920 [INFO] MainUpdater:290 - Updater Check For Update Now.
2024-05-14 16:36:54,920 [INFO] MicroXplorer:498 - Change Database Version : DB.6.0.100
2024-05-14 16:36:54,929 [INFO] McuFinderGlobals:63 - Set McuFinder mode to 2 (CubeIDE integrated)
2024-05-14 16:36:54,941 [INFO] UserAuth:404 - Internet connection configuration mode: 1
2024-05-14 16:36:54,953 [INFO] JxBrowserEngine:152 - Initiate JxBrowser Engine with user profile folder
2024-05-14 16:36:55,084 [INFO] ServerAccessManage:473 - Download File updaters.zip
2024-05-14 16:36:55,183 [INFO] FileExtend:240 - Unzip File : updaters.zip
2024-05-14 16:36:55,184 [INFO] FileExtend:255 - Standard Zip Deflate
2024-05-14 16:36:55,439 [INFO] ServerAccessManage:473 - Download File PacksControlFlags.xml
2024-05-14 16:36:55,514 [INFO] ServerAccessManage:473 - Download File cubemx.pidx
2024-05-14 16:36:56,192 [WARN] MainUpdater:1194 - Updater busy. Cannot search thirdparties
2024-05-14 16:36:56,192 [INFO] ThirdPartyUpdaterWithRetryManager:96 - Updater plugin is busy. [1/15]
2024-05-14 16:36:56,377 [INFO] ServerAccessManage:473 - Download File STMicroelectronics.X-CUBE-ALGOBUILD.pdsc
2024-05-14 16:36:57,526 [WARN] PackLoader:240 - Cannot read IP mode file for STMicroelectronics.X-CUBE-ALGOBUILD.1.4.0
2024-05-14 16:36:57,530 [INFO] PopulateThirdPartyThread:66 - Ending populate Thread
2024-05-14 16:36:57,531 [INFO] ThirdParty:1030 - CMSIS Pack Vendor :STMicroelectronics X-CUBE-ALGOBUILD 1.4.0
2024-05-14 16:36:57,532 [INFO] LoadServerUpdatesThread:375 - End of LoadServerUpdate Thread
2024-05-14 16:36:57,665 [INFO] CheckServerUpdateThread:120 - End of CheckServer Thread
2024-05-14 16:36:57,740 [INFO] WebApp:161 - Instantiating new browser for Auth
2024-05-14 16:36:58,189 [INFO] WebApp:780 - Register for checkConnection events
2024-05-14 16:36:58,189 [INFO] WebApp:414 - Apply proxy settings
2024-05-14 16:36:58,189 [INFO] WebApp:499 - Chromium requires no authentication
2024-05-14 16:36:58,193 [INFO] WebApp:442 - Direct internet connection detected
2024-05-14 16:36:58,296 [INFO] WebApp:192 - Starting web application
2024-05-14 16:36:58,296 [INFO] WebApp:544 - Web application path used C:\ST\STM32CubeIDE_1.14.1\STM32CubeIDE\plugins\com.st.stm32cube.common.mx_6.10.0.202311202037\db\plugins\mcufinder\reactClient1\index.html
2024-05-14 16:36:59,343 [WARN] PackLoader:240 - Cannot read IP mode file for STMicroelectronics.FP-SNS-MOTENVWB1.1.4.0
2024-05-14 16:36:59,360 [WARN] PackLoader:240 - Cannot read IP mode file for STMicroelectronics.X-CUBE-SMBUS.2.1.0
2024-05-14 16:36:59,370 [WARN] PackLoader:240 - Cannot read IP mode file for STMicroelectronics.X-CUBE-TOUCHGFX.4.23.1
2024-05-14 16:36:59,379 [WARN] PackLoader:240 - Cannot read IP mode file for STMicroelectronics.X-CUBE-TOUCHGFX.4.23.0
2024-05-14 16:36:59,388 [WARN] PackLoader:240 - Cannot read IP mode file for STMicroelectronics.X-CUBE-TOUCHGFX.4.23.2
2024-05-14 16:36:59,430 [WARN] PackLoader:240 - Cannot read IP mode file for STMicroelectronics.X-CUBE-AZRTOS-F7.1.1.0
2024-05-14 16:36:59,447 [WARN] PackLoader:240 - Cannot read IP mode file for STMicroelectronics.FP-SNS-MOTENV1.4.3.2
2024-05-14 16:36:59,461 [WARN] PackLoader:240 - Cannot read IP mode file for STMicroelectronics.FP-SNS-FLIGHT1.5.0.2
2024-05-14 16:36:59,476 [WARN] PackLoader:240 - Cannot read IP mode file for STMicroelectronics.X-CUBE-DISPLAY.3.0.0
2024-05-14 16:36:59,495 [WARN] PackLoader:240 - Cannot read IP mode file for STMicroelectronics.X-CUBE-BLE1.7.0.0
2024-05-14 16:36:59,507 [WARN] PackLoader:240 - Cannot read IP mode file for emotas.I-CUBE-CANOPEN.1.3.0
2024-05-14 16:36:59,518 [WARN] PackLoader:240 - Cannot read IP mode file for STMicroelectronics.FP-SNS-SMARTAG2.1.2.0
2024-05-14 16:36:59,541 [INFO] LogOutputStream:77 - [STDOUT_REDIRECT] 1 : Invalid condition id : UX_CORESTACK_Condition cause : null
2024-05-14 16:36:59,541 [INFO] LogOutputStream:77 - [STDOUT_REDIRECT] 1 : Invalid condition id : UX_CORESTACK_Condition cause : null
2024-05-14 16:36:59,543 [INFO] LogOutputStream:77 - [STDOUT_REDIRECT] 1 : Invalid condition id : UX_CORESTACK_Condition cause : null
2024-05-14 16:36:59,545 [INFO] LogOutputStream:77 - [STDOUT_REDIRECT] 1 : Invalid condition id : UX_CORESTACK_Condition cause : null
2024-05-14 16:36:59,546 [INFO] LogOutputStream:77 - [STDOUT_REDIRECT] 1 : Invalid condition id : UX_CORESTACK_Condition cause : null
2024-05-14 16:36:59,549 [WARN] PackLoader:240 - Cannot read IP mode file for STMicroelectronics.X-CUBE-AZRTOS-WL.2.0.0
2024-05-14 16:36:59,561 [WARN] PackLoader:240 - Cannot read IP mode file for STMicroelectronics.FP-SNS-MOTENV1.5.0.0
2024-05-14 16:36:59,576 [WARN] PackLoader:240 - Cannot read IP mode file for WES.I-CUBE-Cesium.1.3.0
2024-05-14 16:36:59,587 [WARN] PackLoader:240 - Cannot read IP mode file for STMicroelectronics.X-CUBE-BLE2.3.3.0
2024-05-14 16:36:59,602 [WARN] PackLoader:240 - Cannot read IP mode file for STMicroelectronics.X-CUBE-TCPP.4.1.0
2024-05-14 16:36:59,617 [WARN] PackLoader:240 - Cannot read IP mode file for STMicroelectronics.X-CUBE-ALGOBUILD.1.3.0
2024-05-14 16:36:59,641 [WARN] PackLoader:240 - Cannot read IP mode file for STMicroelectronics.X-CUBE-AZRTOS-G0.1.1.0
2024-05-14 16:36:59,663 [WARN] PackLoader:240 - Cannot read IP mode file for STMicroelectronics.X-CUBE-SAFEA1.1.2.2
2024-05-14 16:36:59,675 [WARN] PackLoader:240 - Cannot read IP mode file for STMicroelectronics.X-CUBE-NFC4.3.0.0
2024-05-14 16:36:59,686 [WARN] PackLoader:240 - Cannot read IP mode file for STMicroelectronics.FP-ATR-SIGFOX1.3.2.0
2024-05-14 16:36:59,734 [WARN] PackLoader:240 - Cannot read IP mode file for SEGGER.I-CUBE-embOS.1.3.1
2024-05-14 16:36:59,781 [WARN] PackLoader:240 - Cannot read IP mode file for STMicroelectronics.X-CUBE-ALGOBUILD.1.4.0
2024-05-14 16:36:59,793 [WARN] PackLoader:240 - Cannot read IP mode file for STMicroelectronics.X-CUBE-GNSS1.6.0.0
2024-05-14 16:36:59,823 [WARN] PackLoader:240 - Cannot read IP mode file for STMicroelectronics.X-CUBE-AZRTOS-F4.1.1.0
2024-05-14 16:36:59,837 [WARN] PackLoader:240 - Cannot read IP mode file for STMicroelectronics.X-CUBE-FREERTOS.1.2.0
2024-05-14 16:36:59,850 [WARN] PackLoader:240 - Cannot read IP mode file for wolfSSL.I-CUBE-wolfSSL.5.6.6
2024-05-14 16:36:59,869 [WARN] PackLoader:240 - Cannot read IP mode file for STMicroelectronics.X-CUBE-AZRTOS-L5.2.0.0
2024-05-14 16:36:59,888 [WARN] PackLoader:240 - Cannot read IP mode file for STMicroelectronics.X-CUBE-NFC6.3.1.0
2024-05-14 16:36:59,905 [WARN] PackLoader:240 - Cannot read IP mode file for ITTIA_DB.I-CUBE-ITTIADB.8.8.0
2024-05-14 16:36:59,917 [WARN] PackLoader:240 - Cannot read IP mode file for STMicroelectronics.X-CUBE-AI.9.0.0
2024-05-14 16:36:59,927 [WARN] PackLoader:240 - Cannot read IP mode file for STMicroelectronics.X-CUBE-NFC7.1.0.1
2024-05-14 16:36:59,941 [WARN] PackLoader:240 - Cannot read IP mode file for STMicroelectronics.X-CUBE-NFC6.3.0.0
2024-05-14 16:36:59,952 [WARN] PackLoader:240 - Cannot read IP mode file for STMicroelectronics.X-CUBE-AI.8.1.0
2024-05-14 16:36:59,983 [WARN] ConditionMgr:438 - getConditionDescription Invalid condition id : LAN8742 Phy interface Condition cause : null
2024-05-14 16:36:59,984 [WARN] PackLoader:240 - Cannot read IP mode file for STMicroelectronics.X-CUBE-AZRTOS-L4.2.0.0
2024-05-14 16:36:59,985 [WARN] ConditionMgr:1039 - genDependencies : Invalid condition id : LAN8742 Phy interface Condition cause : null
2024-05-14 16:36:59,985 [WARN] ConditionMgr:1039 - genDependencies : Invalid condition id : LAN8742 Phy interface Condition cause : null
2024-05-14 16:36:59,985 [WARN] ConditionMgr:1039 - genDependencies : Invalid condition id : LAN8742 Phy interface Condition cause : null
2024-05-14 16:36:59,998 [WARN] PackLoader:240 - Cannot read IP mode file for STMicroelectronics.X-CUBE-SFXS2LP1.4.0.0
2024-05-14 16:37:00,022 [WARN] ConditionMgr:438 - getConditionDescription Invalid condition id : UX DEVICE CLASS RTOS Condition cause : null
2024-05-14 16:37:00,022 [WARN] ConditionMgr:438 - getConditionDescription Invalid condition id : UX DEVICE CLASS RTOS Condition cause : null
2024-05-14 16:37:00,024 [WARN] PackLoader:240 - Cannot read IP mode file for STMicroelectronics.X-CUBE-AZRTOS-WB.2.0.0
2024-05-14 16:37:00,025 [WARN] ConditionMgr:1039 - genDependencies : Invalid condition id : UX DEVICE CLASS RTOS Condition cause : null
2024-05-14 16:37:00,025 [WARN] ConditionMgr:1039 - genDependencies : Invalid condition id : UX DEVICE CLASS RTOS Condition cause : null
2024-05-14 16:37:00,025 [WARN] ConditionMgr:1039 - genDependencies : Invalid condition id : UX DEVICE CLASS RTOS Condition cause : null
2024-05-14 16:37:00,026 [WARN] ConditionMgr:1039 - genDependencies : Invalid condition id : UX DEVICE CLASS RTOS Condition cause : null
2024-05-14 16:37:00,026 [WARN] ConditionMgr:1039 - genDependencies : Invalid condition id : UX DEVICE CLASS RTOS Condition cause : null
2024-05-14 16:37:00,047 [WARN] PackLoader:240 - Cannot read IP mode file for STMicroelectronics.X-CUBE-SUBG2.5.0.0
2024-05-14 16:37:00,075 [WARN] PackLoader:240 - Cannot read IP mode file for STMicroelectronics.X-CUBE-AZRTOS-G4.2.0.0
2024-05-14 16:37:00,099 [WARN] PackLoader:240 - Cannot read IP mode file for Infineon.AIROC-Wi-Fi-Bluetooth-STM32.1.5.1
2024-05-14 16:37:00,112 [WARN] PackLoader:240 - Cannot read IP mode file for STMicroelectronics.FP-SNS-MOTENVWB1.1.3.1
2024-05-14 16:37:00,168 [WARN] PackLoader:240 - Cannot read IP mode file for STMicroelectronics.X-CUBE-MEMS1.10.0.0
2024-05-14 16:37:00,285 [WARN] PackLoader:240 - Cannot read IP mode file for STMicroelectronics.X-CUBE-FREERTOS.1.1.0
2024-05-14 16:37:00,299 [WARN] PackLoader:240 - Cannot read IP mode file for portGmbH.I-Cube-SoM-uGOAL.1.1.0
2024-05-14 16:37:00,308 [WARN] PackLoader:240 - Cannot read IP mode file for STMicroelectronics.X-CUBE-ALS.1.0.1
2024-05-14 16:37:00,338 [WARN] PackLoader:240 - Cannot read IP mode file for STMicroelectronics.X-CUBE-AZRTOS-H7RS.1.0.0
2024-05-14 16:37:00,348 [WARN] PackLoader:240 - Cannot read IP mode file for STMicroelectronics.FP-ATR-ASTRA1.2.0.0
2024-05-14 16:37:00,367 [WARN] PackLoader:240 - Cannot read IP mode file for STMicroelectronics.X-CUBE-TOF1.3.4.0
2024-05-14 16:37:00,399 [WARN] PackLoader:240 - Cannot read IP mode file for STMicroelectronics.X-CUBE-TOF1.3.4.1
2024-05-14 16:37:00,439 [WARN] PackLoader:240 - Cannot read IP mode file for STMicroelectronics.X-CUBE-AZRTOS-H7.3.2.0
2024-05-14 16:37:00,441 [INFO] ThirdParty:978 - Integrity check success = true
2024-05-14 16:37:00,442 [INFO] IntegrityCheckThread:100 - exiting critical section [integrity check]
2024-05-14 16:37:00,442 [INFO] IntegrityCheckThread:103 - End integrity checks thread
2024-05-14 16:37:19,010 [ERROR] LogOutputStream:75 - [STDERR_REDIRECT] SLF4J: Failed to load class "org.slf4j.impl.StaticLoggerBinder".
2024-05-14 16:37:19,011 [ERROR] LogOutputStream:75 - [STDERR_REDIRECT] SLF4J: Defaulting to no-operation (NOP) logger implementation
2024-05-14 16:37:19,011 [ERROR] LogOutputStream:75 - [STDERR_REDIRECT] SLF4J: See http://www.slf4j.org/codes.html#StaticLoggerBinder for further details.
